07-09-2023 00:51:21.167 [HikariPool-1 housekeeper] [springAppName_IS_UNDEFINED, ] WARN  com.zaxxer.hikari.pool.HikariPool.run - HikariPool-1 - Thread starvation or clock leap detected (housekeeper delta=1h3m49s421ms).
07-09-2023 01:55:30.868 [HikariPool-1 housekeeper] [springAppName_IS_UNDEFINED, ] WARN  com.zaxxer.hikari.pool.HikariPool.run - HikariPool-1 - Thread starvation or clock leap detected (housekeeper delta=1h4m9s701ms).
07-09-2023 02:54:55.963 [HikariPool-1 housekeeper] [springAppName_IS_UNDEFINED, ] WARN  com.zaxxer.hikari.pool.HikariPool.run - HikariPool-1 - Thread starvation or clock leap detected (housekeeper delta=59m25s95ms).
07-09-2023 04:00:34.529 [HikariPool-1 housekeeper] [springAppName_IS_UNDEFINED, ] WARN  com.zaxxer.hikari.pool.HikariPool.run - HikariPool-1 - Thread starvation or clock leap detected (housekeeper delta=1h5m38s565ms).
07-09-2023 05:05:44.889 [HikariPool-1 housekeeper] [springAppName_IS_UNDEFINED, ] WARN  com.zaxxer.hikari.pool.HikariPool.run - HikariPool-1 - Thread starvation or clock leap detected (housekeeper delta=1h5m10s361ms).
07-09-2023 06:29:45.201 [HikariPool-1 housekeeper] [springAppName_IS_UNDEFINED, ] WARN  com.zaxxer.hikari.pool.HikariPool.run - HikariPool-1 - Thread starvation or clock leap detected (housekeeper delta=1h24m312ms).
07-09-2023 07:35:19.740 [HikariPool-1 housekeeper] [springAppName_IS_UNDEFINED, ] WARN  com.zaxxer.hikari.pool.HikariPool.run - HikariPool-1 - Thread starvation or clock leap detected (housekeeper delta=1h5m34s537ms).
07-09-2023 08:42:01.189 [HikariPool-1 housekeeper] [springAppName_IS_UNDEFINED, ] WARN  com.zaxxer.hikari.pool.HikariPool.run - HikariPool-1 - Thread starvation or clock leap detected (housekeeper delta=1h6m41s450ms).
07-09-2023 09:08:31.328 [HikariPool-1 housekeeper] [springAppName_IS_UNDEFINED, ] WARN  com.zaxxer.hikari.pool.HikariPool.run - HikariPool-1 - Thread starvation or clock leap detected (housekeeper delta=26m30s140ms).
07-09-2023 09:24:35.091 [HikariPool-1 housekeeper] [springAppName_IS_UNDEFINED, ] WARN  com.zaxxer.hikari.pool.HikariPool.run - HikariPool-1 - Thread starvation or clock leap detected (housekeeper delta=16m3s763ms).
07-09-2023 09:42:11.839 [HikariPool-1 housekeeper] [springAppName_IS_UNDEFINED, ] WARN  com.zaxxer.hikari.pool.HikariPool.run - HikariPool-1 - Thread starvation or clock leap detected (housekeeper delta=17m36s747ms).
07-09-2023 09:45:22.503 [HikariPool-1 housekeeper] [springAppName_IS_UNDEFINED, ] WARN  com.zaxxer.hikari.pool.HikariPool.run - HikariPool-1 - Thread starvation or clock leap detected (housekeeper delta=3m10s665ms).
07-09-2023 10:35:15.969 [HikariPool-1 housekeeper] [springAppName_IS_UNDEFINED, ] WARN  com.zaxxer.hikari.pool.HikariPool.run - HikariPool-1 - Thread starvation or clock leap detected (housekeeper delta=20m19s19ms).
07-09-2023 11:07:10.393 [HikariPool-1 housekeeper] [springAppName_IS_UNDEFINED, ] WARN  com.zaxxer.hikari.pool.HikariPool.run - HikariPool-1 - Thread starvation or clock leap detected (housekeeper delta=17m24s311ms).
07-09-2023 11:22:45.434 [HikariPool-1 housekeeper] [springAppName_IS_UNDEFINED, ] WARN  com.zaxxer.hikari.pool.HikariPool.run - HikariPool-1 - Thread starvation or clock leap detected (housekeeper delta=15m35s42ms).
07-09-2023 11:27:51.725 [HikariPool-1 housekeeper] [springAppName_IS_UNDEFINED, ] WARN  com.zaxxer.hikari.pool.HikariPool.run - HikariPool-1 - Thread starvation or clock leap detected (housekeeper delta=4m6s283ms).
07-09-2023 12:38:04.811 [HikariPool-1 housekeeper] [springAppName_IS_UNDEFINED, ] WARN  com.zaxxer.hikari.pool.HikariPool.run - HikariPool-1 - Thread starvation or clock leap detected (housekeeper delta=5m30s52ms).
07-09-2023 12:49:41.245 [HikariPool-1 housekeeper] [springAppName_IS_UNDEFINED, ] WARN  com.zaxxer.hikari.pool.HikariPool.run - HikariPool-1 - Thread starvation or clock leap detected (housekeeper delta=1m6s343ms).
07-09-2023 14:09:30.694 [HikariPool-1 housekeeper] [springAppName_IS_UNDEFINED, ] WARN  com.zaxxer.hikari.pool.HikariPool.run - HikariPool-1 - Thread starvation or clock leap detected (housekeeper delta=15m18s749ms).
07-09-2023 14:17:24.584 [HikariPool-1 housekeeper] [springAppName_IS_UNDEFINED, ] WARN  com.zaxxer.hikari.pool.HikariPool.run - HikariPool-1 - Thread starvation or clock leap detected (housekeeper delta=6m23s868ms).
07-09-2023 15:12:29.634 [HikariPool-1 housekeeper] [springAppName_IS_UNDEFINED, ] WARN  com.zaxxer.hikari.pool.HikariPool.run - HikariPool-1 - Thread starvation or clock leap detected (housekeeper delta=8m34s718ms).
07-09-2023 16:04:20.602 [HikariPool-1 housekeeper] [springAppName_IS_UNDEFINED, ] WARN  com.zaxxer.hikari.pool.HikariPool.run - HikariPool-1 - Thread starvation or clock leap detected (housekeeper delta=5m19s779ms).
07-09-2023 16:10:52.183 [HikariPool-1 housekeeper] [springAppName_IS_UNDEFINED, ] WARN  com.zaxxer.hikari.pool.HikariPool.run - HikariPool-1 - Thread starvation or clock leap detected (housekeeper delta=1m1s530ms).
07-09-2023 16:15:19.044 [HikariPool-1 housekeeper] [springAppName_IS_UNDEFINED, ] WARN  com.zaxxer.hikari.pool.HikariPool.run - HikariPool-1 - Thread starvation or clock leap detected (housekeeper delta=2m56s852ms).
07-09-2023 17:01:52.262 [HikariPool-1 housekeeper] [springAppName_IS_UNDEFINED, ] WARN  com.zaxxer.hikari.pool.HikariPool.run - HikariPool-1 - Thread starvation or clock leap detected (housekeeper delta=4m2s543ms).
07-09-2023 17:04:22.944 [HikariPool-1 housekeeper] [springAppName_IS_UNDEFINED, ] WARN  com.zaxxer.hikari.pool.HikariPool.run - HikariPool-1 - Thread starvation or clock leap detected (housekeeper delta=1m30s667ms).
07-09-2023 17:37:24.056 [HikariPool-1 housekeeper] [springAppName_IS_UNDEFINED, ] WARN  com.zaxxer.hikari.pool.HikariPool.run - HikariPool-1 - Thread starvation or clock leap detected (housekeeper delta=2m879ms).
07-09-2023 17:45:45.926 [HikariPool-1 housekeeper] [springAppName_IS_UNDEFINED, ] WARN  com.zaxxer.hikari.pool.HikariPool.run - HikariPool-1 - Thread starvation or clock leap detected (housekeeper delta=3m21s829ms).
07-09-2023 17:51:42.916 [HikariPool-1 housekeeper] [springAppName_IS_UNDEFINED, ] WARN  com.zaxxer.hikari.pool.HikariPool.run - HikariPool-1 - Thread starvation or clock leap detected (housekeeper delta=3m26s965ms).
07-09-2023 18:17:12.825 [HikariPool-1 housekeeper] [springAppName_IS_UNDEFINED, ] WARN  com.zaxxer.hikari.pool.HikariPool.run - HikariPool-1 - Thread starvation or clock leap detected (housekeeper delta=16m59s839ms).
07-09-2023 18:37:03.631 [HikariPool-1 housekeeper] [springAppName_IS_UNDEFINED, ] WARN  com.zaxxer.hikari.pool.HikariPool.run - HikariPool-1 - Thread starvation or clock leap detected (housekeeper delta=19m50s807ms).
07-09-2023 19:20:38.586 [HikariPool-1 housekeeper] [springAppName_IS_UNDEFINED, ] WARN  com.zaxxer.hikari.pool.HikariPool.run - HikariPool-1 - Thread starvation or clock leap detected (housekeeper delta=43m34s954ms).
07-09-2023 19:21:07.441 [HikariPool-1 housekeeper] [springAppName_IS_UNDEFINED, ] WARN  com.zaxxer.hikari.pool.HikariPool.run - HikariPool-1 - Retrograde clock change detected (housekeeper delta=28s855ms), soft-evicting connections from pool.
07-09-2023 19:23:31.722 [HikariPool-1 housekeeper] [springAppName_IS_UNDEFINED, ] WARN  com.zaxxer.hikari.pool.HikariPool.run - HikariPool-1 - Thread starvation or clock leap detected (housekeeper delta=54s248ms).
07-09-2023 19:30:40.045 [HikariPool-1 housekeeper] [springAppName_IS_UNDEFINED, ] WARN  com.zaxxer.hikari.pool.HikariPool.run - HikariPool-1 - Thread starvation or clock leap detected (housekeeper delta=7m8s324ms).
07-09-2023 20:21:54.981 [HikariPool-1 housekeeper] [springAppName_IS_UNDEFINED, ] WARN  com.zaxxer.hikari.pool.HikariPool.run - HikariPool-1 - Thread starvation or clock leap detected (housekeeper delta=34m14s869ms).
07-09-2023 20:38:03.848 [HikariPool-1 housekeeper] [springAppName_IS_UNDEFINED, ] WARN  com.zaxxer.hikari.pool.HikariPool.run - HikariPool-1 - Thread starvation or clock leap detected (housekeeper delta=16m8s867ms).
07-09-2023 21:11:27.256 [HikariPool-1 housekeeper] [springAppName_IS_UNDEFINED, ] WARN  com.zaxxer.hikari.pool.HikariPool.run - HikariPool-1 - Thread starvation or clock leap detected (housekeeper delta=33m23s409ms).
07-09-2023 22:01:14.532 [HikariPool-1 housekeeper] [springAppName_IS_UNDEFINED, ] WARN  com.zaxxer.hikari.pool.HikariPool.run - HikariPool-1 - Thread starvation or clock leap detected (housekeeper delta=49m47s275ms).
07-09-2023 23:09:00.186 [HikariPool-1 housekeeper] [springAppName_IS_UNDEFINED, ] WARN  com.zaxxer.hikari.pool.HikariPool.run - HikariPool-1 - Thread starvation or clock leap detected (housekeeper delta=1h6m45s371ms).
