06-09-2023 00:16:01.423 [HikariPool-1 housekeeper] [springAppName_IS_UNDEFINED, ] WARN  com.zaxxer.hikari.pool.HikariPool.run - HikariPool-1 - Thread starvation or clock leap detected (housekeeper delta=1h5m45s269ms).
06-09-2023 01:33:25.897 [HikariPool-1 housekeeper] [springAppName_IS_UNDEFINED, ] WARN  com.zaxxer.hikari.pool.HikariPool.run - HikariPool-1 - Thread starvation or clock leap detected (housekeeper delta=1h17m24s473ms).
06-09-2023 02:39:19.246 [HikariPool-1 housekeeper] [springAppName_IS_UNDEFINED, ] WARN  com.zaxxer.hikari.pool.HikariPool.run - HikariPool-1 - Thread starvation or clock leap detected (housekeeper delta=1h5m53s350ms).
06-09-2023 03:45:00.893 [HikariPool-1 housekeeper] [springAppName_IS_UNDEFINED, ] WARN  com.zaxxer.hikari.pool.HikariPool.run - HikariPool-1 - Thread starvation or clock leap detected (housekeeper delta=1h5m41s646ms).
06-09-2023 04:52:55.461 [HikariPool-1 housekeeper] [springAppName_IS_UNDEFINED, ] WARN  com.zaxxer.hikari.pool.HikariPool.run - HikariPool-1 - Thread starvation or clock leap detected (housekeeper delta=1h7m54s568ms).
06-09-2023 05:57:45.016 [HikariPool-1 housekeeper] [springAppName_IS_UNDEFINED, ] WARN  com.zaxxer.hikari.pool.HikariPool.run - HikariPool-1 - Thread starvation or clock leap detected (housekeeper delta=1h4m49s555ms).
06-09-2023 07:07:45.127 [HikariPool-1 housekeeper] [springAppName_IS_UNDEFINED, ] WARN  com.zaxxer.hikari.pool.HikariPool.run - HikariPool-1 - Thread starvation or clock leap detected (housekeeper delta=1h10m111ms).
06-09-2023 08:13:10.478 [HikariPool-1 housekeeper] [springAppName_IS_UNDEFINED, ] WARN  com.zaxxer.hikari.pool.HikariPool.run - HikariPool-1 - Thread starvation or clock leap detected (housekeeper delta=1h5m25s351ms).
06-09-2023 09:36:32.061 [HikariPool-1 housekeeper] [springAppName_IS_UNDEFINED, ] WARN  com.zaxxer.hikari.pool.HikariPool.run - HikariPool-1 - Thread starvation or clock leap detected (housekeeper delta=1h23m21s583ms).
06-09-2023 09:42:00.818 [HikariPool-1 housekeeper] [springAppName_IS_UNDEFINED, ] WARN  com.zaxxer.hikari.pool.HikariPool.run - HikariPool-1 - Thread starvation or clock leap detected (housekeeper delta=5m28s757ms).
06-09-2023 10:06:09.361 [HikariPool-1 housekeeper] [springAppName_IS_UNDEFINED, ] WARN  com.zaxxer.hikari.pool.HikariPool.run - HikariPool-1 - Thread starvation or clock leap detected (housekeeper delta=6m57s969ms).
06-09-2023 10:08:11.407 [http-nio-8080-exec-9] [springAppName_IS_UNDEFINED, ] DEBUG a.m.ms.account.client.CustomerClient.log - [CustomerClient#getCustomerWithId] ---> GET http://localhost:9834/customer/4 HTTP/1.1
06-09-2023 10:08:11.409 [http-nio-8080-exec-9] [springAppName_IS_UNDEFINED, ] DEBUG a.m.ms.account.client.CustomerClient.log - [CustomerClient#getCustomerWithId] ---> END HTTP (0-byte body)
06-09-2023 10:08:11.547 [http-nio-8080-exec-9] [springAppName_IS_UNDEFINED, ] DEBUG a.m.ms.account.client.CustomerClient.log - [CustomerClient#getCustomerWithId] <--- HTTP/1.1 200 (137ms)
06-09-2023 10:08:11.548 [http-nio-8080-exec-9] [springAppName_IS_UNDEFINED, ] DEBUG a.m.ms.account.client.CustomerClient.log - [CustomerClient#getCustomerWithId] connection: keep-alive
06-09-2023 10:08:11.548 [http-nio-8080-exec-9] [springAppName_IS_UNDEFINED, ] DEBUG a.m.ms.account.client.CustomerClient.log - [CustomerClient#getCustomerWithId] content-type: application/json
06-09-2023 10:08:11.548 [http-nio-8080-exec-9] [springAppName_IS_UNDEFINED, ] DEBUG a.m.ms.account.client.CustomerClient.log - [CustomerClient#getCustomerWithId] date: Wed, 06 Sep 2023 06:08:11 GMT
06-09-2023 10:08:11.548 [http-nio-8080-exec-9] [springAppName_IS_UNDEFINED, ] DEBUG a.m.ms.account.client.CustomerClient.log - [CustomerClient#getCustomerWithId] keep-alive: timeout=60
06-09-2023 10:08:11.548 [http-nio-8080-exec-9] [springAppName_IS_UNDEFINED, ] DEBUG a.m.ms.account.client.CustomerClient.log - [CustomerClient#getCustomerWithId] transfer-encoding: chunked
06-09-2023 10:08:11.548 [http-nio-8080-exec-9] [springAppName_IS_UNDEFINED, ] DEBUG a.m.ms.account.client.CustomerClient.log - [CustomerClient#getCustomerWithId] 
06-09-2023 10:08:11.549 [http-nio-8080-exec-9] [springAppName_IS_UNDEFINED, ] DEBUG a.m.ms.account.client.CustomerClient.log - [CustomerClient#getCustomerWithId] {"id":4,"name":"Nigar","surname":"Aliyeva","cif":"561423","pin":"U98K1J"}
06-09-2023 10:08:11.549 [http-nio-8080-exec-9] [springAppName_IS_UNDEFINED, ] DEBUG a.m.ms.account.client.CustomerClient.log - [CustomerClient#getCustomerWithId] <--- END HTTP (73-byte body)
06-09-2023 10:52:37.372 [HikariPool-1 housekeeper] [springAppName_IS_UNDEFINED, ] WARN  com.zaxxer.hikari.pool.HikariPool.run - HikariPool-1 - Thread starvation or clock leap detected (housekeeper delta=12m57s695ms).
06-09-2023 11:00:53.927 [HikariPool-1 housekeeper] [springAppName_IS_UNDEFINED, ] WARN  com.zaxxer.hikari.pool.HikariPool.run - HikariPool-1 - Thread starvation or clock leap detected (housekeeper delta=2m46s494ms).
06-09-2023 11:04:51.773 [HikariPool-1 housekeeper] [springAppName_IS_UNDEFINED, ] WARN  com.zaxxer.hikari.pool.HikariPool.run - HikariPool-1 - Thread starvation or clock leap detected (housekeeper delta=57s812ms).
06-09-2023 11:11:48.724 [HikariPool-1 housekeeper] [springAppName_IS_UNDEFINED, ] WARN  com.zaxxer.hikari.pool.HikariPool.run - HikariPool-1 - Thread starvation or clock leap detected (housekeeper delta=56s874ms).
06-09-2023 11:15:04.747 [HikariPool-1 housekeeper] [springAppName_IS_UNDEFINED, ] WARN  com.zaxxer.hikari.pool.HikariPool.run - HikariPool-1 - Thread starvation or clock leap detected (housekeeper delta=52s2ms).
06-09-2023 11:23:13.478 [HikariPool-1 housekeeper] [springAppName_IS_UNDEFINED, ] WARN  com.zaxxer.hikari.pool.HikariPool.run - HikariPool-1 - Thread starvation or clock leap detected (housekeeper delta=2m38s659ms).
06-09-2023 11:58:51.806 [HikariPool-1 housekeeper] [springAppName_IS_UNDEFINED, ] WARN  com.zaxxer.hikari.pool.HikariPool.run - HikariPool-1 - Thread starvation or clock leap detected (housekeeper delta=3m8s46ms).
06-09-2023 13:24:19.328 [HikariPool-1 housekeeper] [springAppName_IS_UNDEFINED, ] WARN  com.zaxxer.hikari.pool.HikariPool.run - HikariPool-1 - Thread starvation or clock leap detected (housekeeper delta=33m57s61ms).
06-09-2023 13:35:38.620 [HikariPool-1 housekeeper] [springAppName_IS_UNDEFINED, ] WARN  com.zaxxer.hikari.pool.HikariPool.run - HikariPool-1 - Thread starvation or clock leap detected (housekeeper delta=11m19s294ms).
06-09-2023 14:03:12.597 [HikariPool-1 housekeeper] [springAppName_IS_UNDEFINED, ] WARN  com.zaxxer.hikari.pool.HikariPool.run - HikariPool-1 - Thread starvation or clock leap detected (housekeeper delta=17m3s894ms).
06-09-2023 14:09:47.334 [HikariPool-1 housekeeper] [springAppName_IS_UNDEFINED, ] WARN  com.zaxxer.hikari.pool.HikariPool.run - HikariPool-1 - Thread starvation or clock leap detected (housekeeper delta=6m34s736ms).
06-09-2023 14:55:28.120 [HikariPool-1 housekeeper] [springAppName_IS_UNDEFINED, ] WARN  com.zaxxer.hikari.pool.HikariPool.run - HikariPool-1 - Thread starvation or clock leap detected (housekeeper delta=6m10s450ms).
06-09-2023 14:58:45.551 [HikariPool-1 housekeeper] [springAppName_IS_UNDEFINED, ] WARN  com.zaxxer.hikari.pool.HikariPool.run - HikariPool-1 - Thread starvation or clock leap detected (housekeeper delta=47s412ms).
06-09-2023 15:33:21.031 [HikariPool-1 housekeeper] [springAppName_IS_UNDEFINED, ] WARN  com.zaxxer.hikari.pool.HikariPool.run - HikariPool-1 - Thread starvation or clock leap detected (housekeeper delta=1m35s195ms).
06-09-2023 15:41:41.645 [HikariPool-1 housekeeper] [springAppName_IS_UNDEFINED, ] WARN  com.zaxxer.hikari.pool.HikariPool.run - HikariPool-1 - Thread starvation or clock leap detected (housekeeper delta=4m50s568ms).
06-09-2023 17:11:16.083 [HikariPool-1 housekeeper] [springAppName_IS_UNDEFINED, ] WARN  com.zaxxer.hikari.pool.HikariPool.run - HikariPool-1 - Thread starvation or clock leap detected (housekeeper delta=4m58s612ms).
06-09-2023 18:03:14.431 [HikariPool-1 housekeeper] [springAppName_IS_UNDEFINED, ] WARN  com.zaxxer.hikari.pool.HikariPool.run - HikariPool-1 - Thread starvation or clock leap detected (housekeeper delta=3m27s903ms).
06-09-2023 18:05:33.744 [HikariPool-1 housekeeper] [springAppName_IS_UNDEFINED, ] WARN  com.zaxxer.hikari.pool.HikariPool.run - HikariPool-1 - Thread starvation or clock leap detected (housekeeper delta=56s735ms).
06-09-2023 18:23:08.929 [HikariPool-1 housekeeper] [springAppName_IS_UNDEFINED, ] WARN  com.zaxxer.hikari.pool.HikariPool.run - HikariPool-1 - Thread starvation or clock leap detected (housekeeper delta=17m35s186ms).
06-09-2023 18:26:16.911 [HikariPool-1 housekeeper] [springAppName_IS_UNDEFINED, ] WARN  com.zaxxer.hikari.pool.HikariPool.run - HikariPool-1 - Thread starvation or clock leap detected (housekeeper delta=3m7s982ms).
06-09-2023 18:28:53.270 [HikariPool-1 housekeeper] [springAppName_IS_UNDEFINED, ] WARN  com.zaxxer.hikari.pool.HikariPool.run - HikariPool-1 - Thread starvation or clock leap detected (housekeeper delta=2m36s359ms).
06-09-2023 18:32:50.785 [HikariPool-1 housekeeper] [springAppName_IS_UNDEFINED, ] WARN  com.zaxxer.hikari.pool.HikariPool.run - HikariPool-1 - Thread starvation or clock leap detected (housekeeper delta=3m57s515ms).
06-09-2023 18:34:23.251 [HikariPool-1 housekeeper] [springAppName_IS_UNDEFINED, ] WARN  com.zaxxer.hikari.pool.HikariPool.run - HikariPool-1 - Thread starvation or clock leap detected (housekeeper delta=1m32s466ms).
06-09-2023 18:36:17.777 [HikariPool-1 housekeeper] [springAppName_IS_UNDEFINED, ] WARN  com.zaxxer.hikari.pool.HikariPool.run - HikariPool-1 - Thread starvation or clock leap detected (housekeeper delta=1m54s526ms).
06-09-2023 18:39:31.721 [HikariPool-1 housekeeper] [springAppName_IS_UNDEFINED, ] WARN  com.zaxxer.hikari.pool.HikariPool.run - HikariPool-1 - Thread starvation or clock leap detected (housekeeper delta=3m13s944ms).
06-09-2023 18:44:08.290 [HikariPool-1 housekeeper] [springAppName_IS_UNDEFINED, ] WARN  com.zaxxer.hikari.pool.HikariPool.run - HikariPool-1 - Thread starvation or clock leap detected (housekeeper delta=4m36s569ms).
06-09-2023 19:18:07.792 [HikariPool-1 housekeeper] [springAppName_IS_UNDEFINED, ] WARN  com.zaxxer.hikari.pool.HikariPool.run - HikariPool-1 - Thread starvation or clock leap detected (housekeeper delta=33m59s502ms).
06-09-2023 19:51:41.680 [HikariPool-1 housekeeper] [springAppName_IS_UNDEFINED, ] WARN  com.zaxxer.hikari.pool.HikariPool.run - HikariPool-1 - Thread starvation or clock leap detected (housekeeper delta=33m33s887ms).
06-09-2023 20:40:33.451 [HikariPool-1 housekeeper] [springAppName_IS_UNDEFINED, ] WARN  com.zaxxer.hikari.pool.HikariPool.run - HikariPool-1 - Thread starvation or clock leap detected (housekeeper delta=48m51s771ms).
06-09-2023 21:16:00.922 [HikariPool-1 housekeeper] [springAppName_IS_UNDEFINED, ] WARN  com.zaxxer.hikari.pool.HikariPool.run - HikariPool-1 - Thread starvation or clock leap detected (housekeeper delta=34m57s462ms).
06-09-2023 21:32:53.798 [HikariPool-1 housekeeper] [springAppName_IS_UNDEFINED, ] WARN  com.zaxxer.hikari.pool.HikariPool.run - HikariPool-1 - Thread starvation or clock leap detected (housekeeper delta=16m52s878ms).
06-09-2023 22:39:41.697 [HikariPool-1 housekeeper] [springAppName_IS_UNDEFINED, ] WARN  com.zaxxer.hikari.pool.HikariPool.run - HikariPool-1 - Thread starvation or clock leap detected (housekeeper delta=1h6m47s899ms).
06-09-2023 23:47:31.747 [HikariPool-1 housekeeper] [springAppName_IS_UNDEFINED, ] WARN  com.zaxxer.hikari.pool.HikariPool.run - HikariPool-1 - Thread starvation or clock leap detected (housekeeper delta=1h7m50s49ms).
