05-09-2023 00:51:34.832 [HikariPool-1 housekeeper] [springAppName_IS_UNDEFINED, ] WARN  com.zaxxer.hikari.pool.HikariPool.run - HikariPool-1 - Thread starvation or clock leap detected (housekeeper delta=1h6m1s625ms).
05-09-2023 01:59:07.368 [HikariPool-1 housekeeper] [springAppName_IS_UNDEFINED, ] WARN  com.zaxxer.hikari.pool.HikariPool.run - HikariPool-1 - Thread starvation or clock leap detected (housekeeper delta=1h7m32s536ms).
05-09-2023 03:19:37.417 [HikariPool-1 housekeeper] [springAppName_IS_UNDEFINED, ] WARN  com.zaxxer.hikari.pool.HikariPool.run - HikariPool-1 - Thread starvation or clock leap detected (housekeeper delta=1h20m30s49ms).
05-09-2023 04:06:02.206 [HikariPool-1 housekeeper] [springAppName_IS_UNDEFINED, ] WARN  com.zaxxer.hikari.pool.HikariPool.run - HikariPool-1 - Thread starvation or clock leap detected (housekeeper delta=46m24s789ms).
05-09-2023 05:13:20.405 [HikariPool-1 housekeeper] [springAppName_IS_UNDEFINED, ] WARN  com.zaxxer.hikari.pool.HikariPool.run - HikariPool-1 - Thread starvation or clock leap detected (housekeeper delta=1h7m18s199ms).
05-09-2023 06:35:55.676 [HikariPool-1 housekeeper] [springAppName_IS_UNDEFINED, ] WARN  com.zaxxer.hikari.pool.HikariPool.run - HikariPool-1 - Thread starvation or clock leap detected (housekeeper delta=1h22m35s270ms).
05-09-2023 07:42:30.257 [HikariPool-1 housekeeper] [springAppName_IS_UNDEFINED, ] WARN  com.zaxxer.hikari.pool.HikariPool.run - HikariPool-1 - Thread starvation or clock leap detected (housekeeper delta=1h6m34s582ms).
05-09-2023 08:40:24.337 [HikariPool-1 housekeeper] [springAppName_IS_UNDEFINED, ] WARN  com.zaxxer.hikari.pool.HikariPool.run - HikariPool-1 - Thread starvation or clock leap detected (housekeeper delta=57m54s80ms).
05-09-2023 08:57:19.958 [HikariPool-1 housekeeper] [springAppName_IS_UNDEFINED, ] WARN  com.zaxxer.hikari.pool.HikariPool.run - HikariPool-1 - Thread starvation or clock leap detected (housekeeper delta=16m55s620ms).
05-09-2023 09:14:13.874 [HikariPool-1 housekeeper] [springAppName_IS_UNDEFINED, ] WARN  com.zaxxer.hikari.pool.HikariPool.run - HikariPool-1 - Thread starvation or clock leap detected (housekeeper delta=16m53s917ms).
05-09-2023 09:26:35.562 [HikariPool-1 housekeeper] [springAppName_IS_UNDEFINED, ] WARN  com.zaxxer.hikari.pool.HikariPool.run - HikariPool-1 - Thread starvation or clock leap detected (housekeeper delta=12m21s687ms).
05-09-2023 09:28:09.443 [HikariPool-1 housekeeper] [springAppName_IS_UNDEFINED, ] WARN  com.zaxxer.hikari.pool.HikariPool.run - HikariPool-1 - Thread starvation or clock leap detected (housekeeper delta=1m33s882ms).
05-09-2023 09:30:32.956 [HikariPool-1 housekeeper] [springAppName_IS_UNDEFINED, ] WARN  com.zaxxer.hikari.pool.HikariPool.run - HikariPool-1 - Thread starvation or clock leap detected (housekeeper delta=2m23s513ms).
05-09-2023 09:44:20.967 [HikariPool-1 housekeeper] [springAppName_IS_UNDEFINED, ] WARN  com.zaxxer.hikari.pool.HikariPool.run - HikariPool-1 - Thread starvation or clock leap detected (housekeeper delta=12m48s2ms).
05-09-2023 09:48:02.724 [SpringApplicationShutdownHook] [springAppName_IS_UNDEFINED, ] INFO  com.zaxxer.hikari.HikariDataSource.close - HikariPool-1 - Shutdown initiated...
05-09-2023 09:48:02.730 [SpringApplicationShutdownHook] [springAppName_IS_UNDEFINED, ] INFO  com.zaxxer.hikari.HikariDataSource.close - HikariPool-1 - Shutdown completed.
05-09-2023 18:40:24.368 [restartedMain] [springAppName_IS_UNDEFINED, ] INFO  a.m.ms.account.MyBankApplication.logStarting - Starting MyBankApplication using Java 11.0.18 on KAPMAC165-M.local with PID 97441 (/Users/alizadacumsud/Desktop/my-microservice/ms-account-demo/build/classes/java/main started by alizadacumsud in /Users/alizadacumsud/Desktop/my-microservice/ms-account-demo)
05-09-2023 18:40:24.369 [restartedMain] [springAppName_IS_UNDEFINED, ] DEBUG a.m.ms.account.MyBankApplication.logStarting - Running with Spring Boot v2.6.1, Spring v5.3.13
05-09-2023 18:40:24.369 [restartedMain] [springAppName_IS_UNDEFINED, ] INFO  a.m.ms.account.MyBankApplication.logStartupProfileInfo - No active profile set, falling back to default profiles: default
05-09-2023 18:40:24.399 [restartedMain] [springAppName_IS_UNDEFINED, ] INFO  o.s.b.d.restart.ChangeableUrls.logTo - The Class-Path manifest attribute in /Users/alizadacumsud/.gradle/caches/modules-2/files-2.1/org.liquibase/liquibase-core/4.5.0/ecc5a74c46305594ae2dd00e8103c8367d89b042/liquibase-core-4.5.0.jar referenced one or more files that do not exist: file:/Users/alizadacumsud/.gradle/caches/modules-2/files-2.1/org.liquibase/liquibase-core/4.5.0/ecc5a74c46305594ae2dd00e8103c8367d89b042/snakeyaml-1.27.jar
05-09-2023 18:40:24.400 [restartedMain] [springAppName_IS_UNDEFINED, ] INFO  o.s.b.d.e.DevToolsPropertyDefaultsPostProcessor.logTo - Devtools property defaults active! Set 'spring.devtools.add-properties' to 'false' to disable
05-09-2023 18:40:24.400 [restartedMain] [springAppName_IS_UNDEFINED, ] INFO  o.s.b.d.e.DevToolsPropertyDefaultsPostProcessor.logTo - For additional web related logging consider setting the 'logging.level.web' property to 'DEBUG'
05-09-2023 18:40:24.777 [restartedMain] [springAppName_IS_UNDEFINED, ] INFO  o.s.d.r.c.RepositoryConfigurationDelegate.registerRepositoriesIn - Bootstrapping Spring Data JDBC repositories in DEFAULT mode.
05-09-2023 18:40:24.782 [restartedMain] [springAppName_IS_UNDEFINED, ] INFO  o.s.d.r.c.RepositoryConfigurationDelegate.registerRepositoriesIn - Finished Spring Data repository scanning in 3 ms. Found 0 JDBC repository interfaces.
05-09-2023 18:40:24.908 [restartedMain] [springAppName_IS_UNDEFINED, ] INFO  o.s.cloud.context.scope.GenericScope.setSerializationId - BeanFactory id=18b8b2d2-3124-388f-bb6f-bd59a3638f32
05-09-2023 18:40:25.605 [restartedMain] [springAppName_IS_UNDEFINED, ] INFO  o.s.b.w.e.tomcat.TomcatWebServer.initialize - Tomcat initialized with port(s): 8080 (http)
05-09-2023 18:40:25.609 [restartedMain] [springAppName_IS_UNDEFINED, ] INFO  o.a.coyote.http11.Http11NioProtocol.log - Initializing ProtocolHandler ["http-nio-8080"]
05-09-2023 18:40:25.610 [restartedMain] [springAppName_IS_UNDEFINED, ] INFO  o.a.catalina.core.StandardService.log - Starting service [Tomcat]
05-09-2023 18:40:25.610 [restartedMain] [springAppName_IS_UNDEFINED, ] INFO  o.a.catalina.core.StandardEngine.log - Starting Servlet engine: [Apache Tomcat/9.0.55]
05-09-2023 18:40:25.648 [restartedMain] [springAppName_IS_UNDEFINED, ] INFO  o.a.c.c.C.[Tomcat].[localhost].[/].log - Initializing Spring embedded WebApplicationContext
05-09-2023 18:40:25.649 [restartedMain] [springAppName_IS_UNDEFINED, ] INFO  o.s.b.w.s.c.ServletWebServerApplicationContext.prepareWebApplicationContext - Root WebApplicationContext: initialization completed in 1249 ms
05-09-2023 18:40:25.778 [restartedMain] [springAppName_IS_UNDEFINED, ] INFO  com.zaxxer.hikari.HikariDataSource.getConnection - HikariPool-1 - Starting...
05-09-2023 18:40:25.882 [restartedMain] [springAppName_IS_UNDEFINED, ] INFO  com.zaxxer.hikari.HikariDataSource.getConnection - HikariPool-1 - Start completed.
05-09-2023 18:40:25.986 [restartedMain] [springAppName_IS_UNDEFINED, ] INFO  liquibase.lockservice.log - Successfully acquired change log lock
05-09-2023 18:40:25.996 [restartedMain] [springAppName_IS_UNDEFINED, ] INFO  liquibase.changelog.log - Reading resource: db/changes/1.0/create-table-account.yaml
05-09-2023 18:40:26.056 [restartedMain] [springAppName_IS_UNDEFINED, ] INFO  liquibase.changelog.log - Reading resource: db/changes/2.0/add_account.sql
05-09-2023 18:40:26.104 [restartedMain] [springAppName_IS_UNDEFINED, ] INFO  liquibase.changelog.log - Reading from public.databasechangelog
05-09-2023 18:40:26.122 [restartedMain] [springAppName_IS_UNDEFINED, ] INFO  liquibase.lockservice.log - Successfully released change log lock
05-09-2023 18:40:26.280 [restartedMain] [springAppName_IS_UNDEFINED, ] WARN  o.s.b.d.a.OptionalLiveReloadServer.startServer - Unable to start LiveReload server
05-09-2023 18:40:26.308 [restartedMain] [springAppName_IS_UNDEFINED, ] WARN  o.s.b.w.s.c.AnnotationConfigServletWebServerApplicationContext.refresh - Exception encountered during context initialization - cancelling refresh attempt: org.springframework.beans.factory.UnsatisfiedDependencyException: Error creating bean with name 'accountController' defined in file [/Users/alizadacumsud/Desktop/my-microservice/ms-account-demo/build/classes/java/main/az/mybank/ms/account/controller/AccountController.class]: Unsatisfied dependency expressed through constructor parameter 0; nested exception is org.springframework.beans.factory.UnsatisfiedDependencyException: Error creating bean with name 'accountService' defined in file [/Users/alizadacumsud/Desktop/my-microservice/ms-account-demo/build/classes/java/main/az/mybank/ms/account/service/AccountService.class]: Unsatisfied dependency expressed through constructor parameter 2; nested exception is org.springframework.beans.factory.BeanCreationException: Error creating bean with name 'az.mybank.ms.account.client.CustomerClient': Unexpected exception during bean creation; nested exception is java.lang.IllegalStateException: PathVariable annotation was empty on param 0.
05-09-2023 18:40:26.309 [restartedMain] [springAppName_IS_UNDEFINED, ] INFO  com.zaxxer.hikari.HikariDataSource.close - HikariPool-1 - Shutdown initiated...
05-09-2023 18:40:26.312 [restartedMain] [springAppName_IS_UNDEFINED, ] INFO  com.zaxxer.hikari.HikariDataSource.close - HikariPool-1 - Shutdown completed.
05-09-2023 18:40:26.313 [restartedMain] [springAppName_IS_UNDEFINED, ] INFO  o.a.catalina.core.StandardService.log - Stopping service [Tomcat]
05-09-2023 18:40:26.321 [restartedMain] [springAppName_IS_UNDEFINED, ] INFO  o.s.b.a.l.ConditionEvaluationReportLoggingListener.logMessage - 

Error starting ApplicationContext. To display the conditions report re-run your application with 'debug' enabled.
05-09-2023 18:40:26.333 [restartedMain] [springAppName_IS_UNDEFINED, ] ERROR o.s.boot.SpringApplication.reportFailure - Application run failed
org.springframework.beans.factory.UnsatisfiedDependencyException: Error creating bean with name 'accountController' defined in file [/Users/alizadacumsud/Desktop/my-microservice/ms-account-demo/build/classes/java/main/az/mybank/ms/account/controller/AccountController.class]: Unsatisfied dependency expressed through constructor parameter 0; nested exception is org.springframework.beans.factory.UnsatisfiedDependencyException: Error creating bean with name 'accountService' defined in file [/Users/alizadacumsud/Desktop/my-microservice/ms-account-demo/build/classes/java/main/az/mybank/ms/account/service/AccountService.class]: Unsatisfied dependency expressed through constructor parameter 2; nested exception is org.springframework.beans.factory.BeanCreationException: Error creating bean with name 'az.mybank.ms.account.client.CustomerClient': Unexpected exception during bean creation; nested exception is java.lang.IllegalStateException: PathVariable annotation was empty on param 0.
	at org.springframework.beans.factory.support.ConstructorResolver.createArgumentArray(ConstructorResolver.java:800)
	at org.springframework.beans.factory.support.ConstructorResolver.autowireConstructor(ConstructorResolver.java:229)
	at org.springframework.beans.factory.support.AbstractAutowireCapableBeanFactory.autowireConstructor(AbstractAutowireCapableBeanFactory.java:1372)
	at org.springframework.beans.factory.support.AbstractAutowireCapableBeanFactory.createBeanInstance(AbstractAutowireCapableBeanFactory.java:1222)
	at org.springframework.beans.factory.support.AbstractAutowireCapableBeanFactory.doCreateBean(AbstractAutowireCapableBeanFactory.java:582)
	at org.springframework.beans.factory.support.AbstractAutowireCapableBeanFactory.createBean(AbstractAutowireCapableBeanFactory.java:542)
	at org.springframework.beans.factory.support.AbstractBeanFactory.lambda$doGetBean$0(AbstractBeanFactory.java:335)
	at org.springframework.beans.factory.support.DefaultSingletonBeanRegistry.getSingleton(DefaultSingletonBeanRegistry.java:234)
	at org.springframework.beans.factory.support.AbstractBeanFactory.doGetBean(AbstractBeanFactory.java:333)
	at org.springframework.beans.factory.support.AbstractBeanFactory.getBean(AbstractBeanFactory.java:208)
	at org.springframework.beans.factory.support.DefaultListableBeanFactory.preInstantiateSingletons(DefaultListableBeanFactory.java:944)
	at org.springframework.context.support.AbstractApplicationContext.finishBeanFactoryInitialization(AbstractApplicationContext.java:918)
	at org.springframework.context.support.AbstractApplicationContext.refresh(AbstractApplicationContext.java:583)
	at org.springframework.boot.web.servlet.context.ServletWebServerApplicationContext.refresh(ServletWebServerApplicationContext.java:145)
	at org.springframework.boot.SpringApplication.refresh(SpringApplication.java:730)
	at org.springframework.boot.SpringApplication.refreshContext(SpringApplication.java:412)
	at org.springframework.boot.SpringApplication.run(SpringApplication.java:302)
	at org.springframework.boot.SpringApplication.run(SpringApplication.java:1301)
	at org.springframework.boot.SpringApplication.run(SpringApplication.java:1290)
	at az.mybank.ms.account.MsAccount.main(MyBankApplication.java:10)
	at java.base/jdk.internal.reflect.NativeMethodAccessorImpl.invoke0(Native Method)
	at java.base/jdk.internal.reflect.NativeMethodAccessorImpl.invoke(NativeMethodAccessorImpl.java:62)
	at java.base/jdk.internal.reflect.DelegatingMethodAccessorImpl.invoke(DelegatingMethodAccessorImpl.java:43)
	at java.base/java.lang.reflect.Method.invoke(Method.java:566)
	at org.springframework.boot.devtools.restart.RestartLauncher.run(RestartLauncher.java:49)
Caused by: org.springframework.beans.factory.UnsatisfiedDependencyException: Error creating bean with name 'accountService' defined in file [/Users/alizadacumsud/Desktop/my-microservice/ms-account-demo/build/classes/java/main/az/mybank/ms/account/service/AccountService.class]: Unsatisfied dependency expressed through constructor parameter 2; nested exception is org.springframework.beans.factory.BeanCreationException: Error creating bean with name 'az.mybank.ms.account.client.CustomerClient': Unexpected exception during bean creation; nested exception is java.lang.IllegalStateException: PathVariable annotation was empty on param 0.
	at org.springframework.beans.factory.support.ConstructorResolver.createArgumentArray(ConstructorResolver.java:800)
	at org.springframework.beans.factory.support.ConstructorResolver.autowireConstructor(ConstructorResolver.java:229)
	at org.springframework.beans.factory.support.AbstractAutowireCapableBeanFactory.autowireConstructor(AbstractAutowireCapableBeanFactory.java:1372)
	at org.springframework.beans.factory.support.AbstractAutowireCapableBeanFactory.createBeanInstance(AbstractAutowireCapableBeanFactory.java:1222)
	at org.springframework.beans.factory.support.AbstractAutowireCapableBeanFactory.doCreateBean(AbstractAutowireCapableBeanFactory.java:582)
	at org.springframework.beans.factory.support.AbstractAutowireCapableBeanFactory.createBean(AbstractAutowireCapableBeanFactory.java:542)
	at org.springframework.beans.factory.support.AbstractBeanFactory.lambda$doGetBean$0(AbstractBeanFactory.java:335)
	at org.springframework.beans.factory.support.DefaultSingletonBeanRegistry.getSingleton(DefaultSingletonBeanRegistry.java:234)
	at org.springframework.beans.factory.support.AbstractBeanFactory.doGetBean(AbstractBeanFactory.java:333)
	at org.springframework.beans.factory.support.AbstractBeanFactory.getBean(AbstractBeanFactory.java:208)
	at org.springframework.beans.factory.config.DependencyDescriptor.resolveCandidate(DependencyDescriptor.java:276)
	at org.springframework.beans.factory.support.DefaultListableBeanFactory.doResolveDependency(DefaultListableBeanFactory.java:1380)
	at org.springframework.beans.factory.support.DefaultListableBeanFactory.resolveDependency(DefaultListableBeanFactory.java:1300)
	at org.springframework.beans.factory.support.ConstructorResolver.resolveAutowiredArgument(ConstructorResolver.java:887)
	at org.springframework.beans.factory.support.ConstructorResolver.createArgumentArray(ConstructorResolver.java:791)
	... 24 common frames omitted
Caused by: org.springframework.beans.factory.BeanCreationException: Error creating bean with name 'az.mybank.ms.account.client.CustomerClient': Unexpected exception during bean creation; nested exception is java.lang.IllegalStateException: PathVariable annotation was empty on param 0.
	at org.springframework.beans.factory.support.AbstractAutowireCapableBeanFactory.createBean(AbstractAutowireCapableBeanFactory.java:555)
	at org.springframework.beans.factory.support.AbstractBeanFactory.lambda$doGetBean$0(AbstractBeanFactory.java:335)
	at org.springframework.beans.factory.support.DefaultSingletonBeanRegistry.getSingleton(DefaultSingletonBeanRegistry.java:234)
	at org.springframework.beans.factory.support.AbstractBeanFactory.doGetBean(AbstractBeanFactory.java:333)
	at org.springframework.beans.factory.support.AbstractBeanFactory.getBean(AbstractBeanFactory.java:208)
	at org.springframework.beans.factory.config.DependencyDescriptor.resolveCandidate(DependencyDescriptor.java:276)
	at org.springframework.beans.factory.support.DefaultListableBeanFactory.doResolveDependency(DefaultListableBeanFactory.java:1380)
	at org.springframework.beans.factory.support.DefaultListableBeanFactory.resolveDependency(DefaultListableBeanFactory.java:1300)
	at org.springframework.beans.factory.support.ConstructorResolver.resolveAutowiredArgument(ConstructorResolver.java:887)
	at org.springframework.beans.factory.support.ConstructorResolver.createArgumentArray(ConstructorResolver.java:791)
	... 38 common frames omitted
Caused by: java.lang.IllegalStateException: PathVariable annotation was empty on param 0.
	at feign.Util.checkState(Util.java:121)
	at org.springframework.cloud.openfeign.annotation.PathVariableParameterProcessor.processArgument(PathVariableParameterProcessor.java:52)
	at org.springframework.cloud.openfeign.support.SpringMvcContract.processAnnotationsOnParameter(SpringMvcContract.java:280)
	at feign.Contract$BaseContract.parseAndValidateMetadata(Contract.java:126)
	at org.springframework.cloud.openfeign.support.SpringMvcContract.parseAndValidateMetadata(SpringMvcContract.java:193)
	at feign.Contract$BaseContract.parseAndValidateMetadata(Contract.java:65)
	at feign.ReflectiveFeign$ParseHandlersByName.apply(ReflectiveFeign.java:151)
	at feign.ReflectiveFeign.newInstance(ReflectiveFeign.java:49)
	at feign.Feign$Builder.target(Feign.java:268)
	at org.springframework.cloud.openfeign.DefaultTargeter.target(DefaultTargeter.java:30)
	at org.springframework.cloud.openfeign.FeignClientFactoryBean.getTarget(FeignClientFactoryBean.java:442)
	at org.springframework.cloud.openfeign.FeignClientFactoryBean.getObject(FeignClientFactoryBean.java:396)
	at org.springframework.cloud.openfeign.FeignClientsRegistrar.lambda$registerFeignClient$0(FeignClientsRegistrar.java:235)
	at org.springframework.beans.factory.support.AbstractAutowireCapableBeanFactory.obtainFromSupplier(AbstractAutowireCapableBeanFactory.java:1249)
	at org.springframework.beans.factory.support.AbstractAutowireCapableBeanFactory.createBeanInstance(AbstractAutowireCapableBeanFactory.java:1191)
	at org.springframework.beans.factory.support.AbstractAutowireCapableBeanFactory.doCreateBean(AbstractAutowireCapableBeanFactory.java:582)
	at org.springframework.beans.factory.support.AbstractAutowireCapableBeanFactory.createBean(AbstractAutowireCapableBeanFactory.java:542)
	... 47 common frames omitted
05-09-2023 18:48:22.857 [restartedMain] [springAppName_IS_UNDEFINED, ] INFO  a.m.ms.account.MyBankApplication.logStarting - Starting MyBankApplication using Java 11.0.18 on KAPMAC165-M.local with PID 97864 (/Users/alizadacumsud/Desktop/my-microservice/ms-account-demo/build/classes/java/main started by alizadacumsud in /Users/alizadacumsud/Desktop/my-microservice/ms-account-demo)
05-09-2023 18:48:22.858 [restartedMain] [springAppName_IS_UNDEFINED, ] DEBUG a.m.ms.account.MyBankApplication.logStarting - Running with Spring Boot v2.6.1, Spring v5.3.13
05-09-2023 18:48:22.858 [restartedMain] [springAppName_IS_UNDEFINED, ] INFO  a.m.ms.account.MyBankApplication.logStartupProfileInfo - No active profile set, falling back to default profiles: default
05-09-2023 18:48:22.875 [restartedMain] [springAppName_IS_UNDEFINED, ] INFO  o.s.b.d.restart.ChangeableUrls.logTo - The Class-Path manifest attribute in /Users/alizadacumsud/.gradle/caches/modules-2/files-2.1/org.liquibase/liquibase-core/4.5.0/ecc5a74c46305594ae2dd00e8103c8367d89b042/liquibase-core-4.5.0.jar referenced one or more files that do not exist: file:/Users/alizadacumsud/.gradle/caches/modules-2/files-2.1/org.liquibase/liquibase-core/4.5.0/ecc5a74c46305594ae2dd00e8103c8367d89b042/snakeyaml-1.27.jar
05-09-2023 18:48:22.876 [restartedMain] [springAppName_IS_UNDEFINED, ] INFO  o.s.b.d.e.DevToolsPropertyDefaultsPostProcessor.logTo - Devtools property defaults active! Set 'spring.devtools.add-properties' to 'false' to disable
05-09-2023 18:48:22.876 [restartedMain] [springAppName_IS_UNDEFINED, ] INFO  o.s.b.d.e.DevToolsPropertyDefaultsPostProcessor.logTo - For additional web related logging consider setting the 'logging.level.web' property to 'DEBUG'
05-09-2023 18:48:23.193 [restartedMain] [springAppName_IS_UNDEFINED, ] INFO  o.s.d.r.c.RepositoryConfigurationDelegate.registerRepositoriesIn - Bootstrapping Spring Data JDBC repositories in DEFAULT mode.
05-09-2023 18:48:23.198 [restartedMain] [springAppName_IS_UNDEFINED, ] INFO  o.s.d.r.c.RepositoryConfigurationDelegate.registerRepositoriesIn - Finished Spring Data repository scanning in 3 ms. Found 0 JDBC repository interfaces.
05-09-2023 18:48:23.313 [restartedMain] [springAppName_IS_UNDEFINED, ] INFO  o.s.cloud.context.scope.GenericScope.setSerializationId - BeanFactory id=18b8b2d2-3124-388f-bb6f-bd59a3638f32
05-09-2023 18:48:23.862 [restartedMain] [springAppName_IS_UNDEFINED, ] INFO  o.s.b.w.e.tomcat.TomcatWebServer.initialize - Tomcat initialized with port(s): 8080 (http)
05-09-2023 18:48:23.867 [restartedMain] [springAppName_IS_UNDEFINED, ] INFO  o.a.coyote.http11.Http11NioProtocol.log - Initializing ProtocolHandler ["http-nio-8080"]
05-09-2023 18:48:23.867 [restartedMain] [springAppName_IS_UNDEFINED, ] INFO  o.a.catalina.core.StandardService.log - Starting service [Tomcat]
05-09-2023 18:48:23.867 [restartedMain] [springAppName_IS_UNDEFINED, ] INFO  o.a.catalina.core.StandardEngine.log - Starting Servlet engine: [Apache Tomcat/9.0.55]
05-09-2023 18:48:23.905 [restartedMain] [springAppName_IS_UNDEFINED, ] INFO  o.a.c.c.C.[Tomcat].[localhost].[/].log - Initializing Spring embedded WebApplicationContext
05-09-2023 18:48:23.905 [restartedMain] [springAppName_IS_UNDEFINED, ] INFO  o.s.b.w.s.c.ServletWebServerApplicationContext.prepareWebApplicationContext - Root WebApplicationContext: initialization completed in 1029 ms
05-09-2023 18:48:24.040 [restartedMain] [springAppName_IS_UNDEFINED, ] INFO  com.zaxxer.hikari.HikariDataSource.getConnection - HikariPool-1 - Starting...
05-09-2023 18:48:24.146 [restartedMain] [springAppName_IS_UNDEFINED, ] INFO  com.zaxxer.hikari.HikariDataSource.getConnection - HikariPool-1 - Start completed.
05-09-2023 18:48:24.237 [restartedMain] [springAppName_IS_UNDEFINED, ] INFO  liquibase.lockservice.log - Successfully acquired change log lock
05-09-2023 18:48:24.246 [restartedMain] [springAppName_IS_UNDEFINED, ] INFO  liquibase.changelog.log - Reading resource: db/changes/1.0/create-table-account.yaml
05-09-2023 18:48:24.304 [restartedMain] [springAppName_IS_UNDEFINED, ] INFO  liquibase.changelog.log - Reading resource: db/changes/2.0/add_account.sql
05-09-2023 18:48:24.345 [restartedMain] [springAppName_IS_UNDEFINED, ] INFO  liquibase.changelog.log - Reading from public.databasechangelog
05-09-2023 18:48:24.361 [restartedMain] [springAppName_IS_UNDEFINED, ] INFO  liquibase.lockservice.log - Successfully released change log lock
05-09-2023 18:48:24.517 [restartedMain] [springAppName_IS_UNDEFINED, ] WARN  o.s.b.d.a.OptionalLiveReloadServer.startServer - Unable to start LiveReload server
05-09-2023 18:48:24.545 [restartedMain] [springAppName_IS_UNDEFINED, ] WARN  o.s.b.w.s.c.AnnotationConfigServletWebServerApplicationContext.refresh - Exception encountered during context initialization - cancelling refresh attempt: org.springframework.beans.factory.UnsatisfiedDependencyException: Error creating bean with name 'accountController' defined in file [/Users/alizadacumsud/Desktop/my-microservice/ms-account-demo/build/classes/java/main/az/mybank/ms/account/controller/AccountController.class]: Unsatisfied dependency expressed through constructor parameter 0; nested exception is org.springframework.beans.factory.UnsatisfiedDependencyException: Error creating bean with name 'accountService' defined in file [/Users/alizadacumsud/Desktop/my-microservice/ms-account-demo/build/classes/java/main/az/mybank/ms/account/service/AccountService.class]: Unsatisfied dependency expressed through constructor parameter 2; nested exception is org.springframework.beans.factory.BeanCreationException: Error creating bean with name 'az.mybank.ms.account.client.CustomerClient': Unexpected exception during bean creation; nested exception is java.lang.IllegalStateException: PathVariable annotation was empty on param 0.
05-09-2023 18:48:24.546 [restartedMain] [springAppName_IS_UNDEFINED, ] INFO  com.zaxxer.hikari.HikariDataSource.close - HikariPool-1 - Shutdown initiated...
05-09-2023 18:48:24.550 [restartedMain] [springAppName_IS_UNDEFINED, ] INFO  com.zaxxer.hikari.HikariDataSource.close - HikariPool-1 - Shutdown completed.
05-09-2023 18:48:24.550 [restartedMain] [springAppName_IS_UNDEFINED, ] INFO  o.a.catalina.core.StandardService.log - Stopping service [Tomcat]
05-09-2023 18:48:24.558 [restartedMain] [springAppName_IS_UNDEFINED, ] INFO  o.s.b.a.l.ConditionEvaluationReportLoggingListener.logMessage - 

Error starting ApplicationContext. To display the conditions report re-run your application with 'debug' enabled.
05-09-2023 18:48:24.568 [restartedMain] [springAppName_IS_UNDEFINED, ] ERROR o.s.boot.SpringApplication.reportFailure - Application run failed
org.springframework.beans.factory.UnsatisfiedDependencyException: Error creating bean with name 'accountController' defined in file [/Users/alizadacumsud/Desktop/my-microservice/ms-account-demo/build/classes/java/main/az/mybank/ms/account/controller/AccountController.class]: Unsatisfied dependency expressed through constructor parameter 0; nested exception is org.springframework.beans.factory.UnsatisfiedDependencyException: Error creating bean with name 'accountService' defined in file [/Users/alizadacumsud/Desktop/my-microservice/ms-account-demo/build/classes/java/main/az/mybank/ms/account/service/AccountService.class]: Unsatisfied dependency expressed through constructor parameter 2; nested exception is org.springframework.beans.factory.BeanCreationException: Error creating bean with name 'az.mybank.ms.account.client.CustomerClient': Unexpected exception during bean creation; nested exception is java.lang.IllegalStateException: PathVariable annotation was empty on param 0.
	at org.springframework.beans.factory.support.ConstructorResolver.createArgumentArray(ConstructorResolver.java:800)
	at org.springframework.beans.factory.support.ConstructorResolver.autowireConstructor(ConstructorResolver.java:229)
	at org.springframework.beans.factory.support.AbstractAutowireCapableBeanFactory.autowireConstructor(AbstractAutowireCapableBeanFactory.java:1372)
	at org.springframework.beans.factory.support.AbstractAutowireCapableBeanFactory.createBeanInstance(AbstractAutowireCapableBeanFactory.java:1222)
	at org.springframework.beans.factory.support.AbstractAutowireCapableBeanFactory.doCreateBean(AbstractAutowireCapableBeanFactory.java:582)
	at org.springframework.beans.factory.support.AbstractAutowireCapableBeanFactory.createBean(AbstractAutowireCapableBeanFactory.java:542)
	at org.springframework.beans.factory.support.AbstractBeanFactory.lambda$doGetBean$0(AbstractBeanFactory.java:335)
	at org.springframework.beans.factory.support.DefaultSingletonBeanRegistry.getSingleton(DefaultSingletonBeanRegistry.java:234)
	at org.springframework.beans.factory.support.AbstractBeanFactory.doGetBean(AbstractBeanFactory.java:333)
	at org.springframework.beans.factory.support.AbstractBeanFactory.getBean(AbstractBeanFactory.java:208)
	at org.springframework.beans.factory.support.DefaultListableBeanFactory.preInstantiateSingletons(DefaultListableBeanFactory.java:944)
	at org.springframework.context.support.AbstractApplicationContext.finishBeanFactoryInitialization(AbstractApplicationContext.java:918)
	at org.springframework.context.support.AbstractApplicationContext.refresh(AbstractApplicationContext.java:583)
	at org.springframework.boot.web.servlet.context.ServletWebServerApplicationContext.refresh(ServletWebServerApplicationContext.java:145)
	at org.springframework.boot.SpringApplication.refresh(SpringApplication.java:730)
	at org.springframework.boot.SpringApplication.refreshContext(SpringApplication.java:412)
	at org.springframework.boot.SpringApplication.run(SpringApplication.java:302)
	at org.springframework.boot.SpringApplication.run(SpringApplication.java:1301)
	at org.springframework.boot.SpringApplication.run(SpringApplication.java:1290)
	at az.mybank.ms.account.MsAccount.main(MyBankApplication.java:10)
	at java.base/jdk.internal.reflect.NativeMethodAccessorImpl.invoke0(Native Method)
	at java.base/jdk.internal.reflect.NativeMethodAccessorImpl.invoke(NativeMethodAccessorImpl.java:62)
	at java.base/jdk.internal.reflect.DelegatingMethodAccessorImpl.invoke(DelegatingMethodAccessorImpl.java:43)
	at java.base/java.lang.reflect.Method.invoke(Method.java:566)
	at org.springframework.boot.devtools.restart.RestartLauncher.run(RestartLauncher.java:49)
Caused by: org.springframework.beans.factory.UnsatisfiedDependencyException: Error creating bean with name 'accountService' defined in file [/Users/alizadacumsud/Desktop/my-microservice/ms-account-demo/build/classes/java/main/az/mybank/ms/account/service/AccountService.class]: Unsatisfied dependency expressed through constructor parameter 2; nested exception is org.springframework.beans.factory.BeanCreationException: Error creating bean with name 'az.mybank.ms.account.client.CustomerClient': Unexpected exception during bean creation; nested exception is java.lang.IllegalStateException: PathVariable annotation was empty on param 0.
	at org.springframework.beans.factory.support.ConstructorResolver.createArgumentArray(ConstructorResolver.java:800)
	at org.springframework.beans.factory.support.ConstructorResolver.autowireConstructor(ConstructorResolver.java:229)
	at org.springframework.beans.factory.support.AbstractAutowireCapableBeanFactory.autowireConstructor(AbstractAutowireCapableBeanFactory.java:1372)
	at org.springframework.beans.factory.support.AbstractAutowireCapableBeanFactory.createBeanInstance(AbstractAutowireCapableBeanFactory.java:1222)
	at org.springframework.beans.factory.support.AbstractAutowireCapableBeanFactory.doCreateBean(AbstractAutowireCapableBeanFactory.java:582)
	at org.springframework.beans.factory.support.AbstractAutowireCapableBeanFactory.createBean(AbstractAutowireCapableBeanFactory.java:542)
	at org.springframework.beans.factory.support.AbstractBeanFactory.lambda$doGetBean$0(AbstractBeanFactory.java:335)
	at org.springframework.beans.factory.support.DefaultSingletonBeanRegistry.getSingleton(DefaultSingletonBeanRegistry.java:234)
	at org.springframework.beans.factory.support.AbstractBeanFactory.doGetBean(AbstractBeanFactory.java:333)
	at org.springframework.beans.factory.support.AbstractBeanFactory.getBean(AbstractBeanFactory.java:208)
	at org.springframework.beans.factory.config.DependencyDescriptor.resolveCandidate(DependencyDescriptor.java:276)
	at org.springframework.beans.factory.support.DefaultListableBeanFactory.doResolveDependency(DefaultListableBeanFactory.java:1380)
	at org.springframework.beans.factory.support.DefaultListableBeanFactory.resolveDependency(DefaultListableBeanFactory.java:1300)
	at org.springframework.beans.factory.support.ConstructorResolver.resolveAutowiredArgument(ConstructorResolver.java:887)
	at org.springframework.beans.factory.support.ConstructorResolver.createArgumentArray(ConstructorResolver.java:791)
	... 24 common frames omitted
Caused by: org.springframework.beans.factory.BeanCreationException: Error creating bean with name 'az.mybank.ms.account.client.CustomerClient': Unexpected exception during bean creation; nested exception is java.lang.IllegalStateException: PathVariable annotation was empty on param 0.
	at org.springframework.beans.factory.support.AbstractAutowireCapableBeanFactory.createBean(AbstractAutowireCapableBeanFactory.java:555)
	at org.springframework.beans.factory.support.AbstractBeanFactory.lambda$doGetBean$0(AbstractBeanFactory.java:335)
	at org.springframework.beans.factory.support.DefaultSingletonBeanRegistry.getSingleton(DefaultSingletonBeanRegistry.java:234)
	at org.springframework.beans.factory.support.AbstractBeanFactory.doGetBean(AbstractBeanFactory.java:333)
	at org.springframework.beans.factory.support.AbstractBeanFactory.getBean(AbstractBeanFactory.java:208)
	at org.springframework.beans.factory.config.DependencyDescriptor.resolveCandidate(DependencyDescriptor.java:276)
	at org.springframework.beans.factory.support.DefaultListableBeanFactory.doResolveDependency(DefaultListableBeanFactory.java:1380)
	at org.springframework.beans.factory.support.DefaultListableBeanFactory.resolveDependency(DefaultListableBeanFactory.java:1300)
	at org.springframework.beans.factory.support.ConstructorResolver.resolveAutowiredArgument(ConstructorResolver.java:887)
	at org.springframework.beans.factory.support.ConstructorResolver.createArgumentArray(ConstructorResolver.java:791)
	... 38 common frames omitted
Caused by: java.lang.IllegalStateException: PathVariable annotation was empty on param 0.
	at feign.Util.checkState(Util.java:121)
	at org.springframework.cloud.openfeign.annotation.PathVariableParameterProcessor.processArgument(PathVariableParameterProcessor.java:52)
	at org.springframework.cloud.openfeign.support.SpringMvcContract.processAnnotationsOnParameter(SpringMvcContract.java:280)
	at feign.Contract$BaseContract.parseAndValidateMetadata(Contract.java:126)
	at org.springframework.cloud.openfeign.support.SpringMvcContract.parseAndValidateMetadata(SpringMvcContract.java:193)
	at feign.Contract$BaseContract.parseAndValidateMetadata(Contract.java:65)
	at feign.ReflectiveFeign$ParseHandlersByName.apply(ReflectiveFeign.java:151)
	at feign.ReflectiveFeign.newInstance(ReflectiveFeign.java:49)
	at feign.Feign$Builder.target(Feign.java:268)
	at org.springframework.cloud.openfeign.DefaultTargeter.target(DefaultTargeter.java:30)
	at org.springframework.cloud.openfeign.FeignClientFactoryBean.getTarget(FeignClientFactoryBean.java:442)
	at org.springframework.cloud.openfeign.FeignClientFactoryBean.getObject(FeignClientFactoryBean.java:396)
	at org.springframework.cloud.openfeign.FeignClientsRegistrar.lambda$registerFeignClient$0(FeignClientsRegistrar.java:235)
	at org.springframework.beans.factory.support.AbstractAutowireCapableBeanFactory.obtainFromSupplier(AbstractAutowireCapableBeanFactory.java:1249)
	at org.springframework.beans.factory.support.AbstractAutowireCapableBeanFactory.createBeanInstance(AbstractAutowireCapableBeanFactory.java:1191)
	at org.springframework.beans.factory.support.AbstractAutowireCapableBeanFactory.doCreateBean(AbstractAutowireCapableBeanFactory.java:582)
	at org.springframework.beans.factory.support.AbstractAutowireCapableBeanFactory.createBean(AbstractAutowireCapableBeanFactory.java:542)
	... 47 common frames omitted
05-09-2023 18:49:54.809 [restartedMain] [springAppName_IS_UNDEFINED, ] INFO  a.m.ms.account.MyBankApplication.logStarting - Starting MyBankApplication using Java 11.0.18 on KAPMAC165-M.local with PID 97932 (/Users/alizadacumsud/Desktop/my-microservice/ms-account-demo/build/classes/java/main started by alizadacumsud in /Users/alizadacumsud/Desktop/my-microservice/ms-account-demo)
05-09-2023 18:49:54.810 [restartedMain] [springAppName_IS_UNDEFINED, ] DEBUG a.m.ms.account.MyBankApplication.logStarting - Running with Spring Boot v2.6.1, Spring v5.3.13
05-09-2023 18:49:54.810 [restartedMain] [springAppName_IS_UNDEFINED, ] INFO  a.m.ms.account.MyBankApplication.logStartupProfileInfo - No active profile set, falling back to default profiles: default
05-09-2023 18:49:54.828 [restartedMain] [springAppName_IS_UNDEFINED, ] INFO  o.s.b.d.restart.ChangeableUrls.logTo - The Class-Path manifest attribute in /Users/alizadacumsud/.gradle/caches/modules-2/files-2.1/org.liquibase/liquibase-core/4.5.0/ecc5a74c46305594ae2dd00e8103c8367d89b042/liquibase-core-4.5.0.jar referenced one or more files that do not exist: file:/Users/alizadacumsud/.gradle/caches/modules-2/files-2.1/org.liquibase/liquibase-core/4.5.0/ecc5a74c46305594ae2dd00e8103c8367d89b042/snakeyaml-1.27.jar
05-09-2023 18:49:54.829 [restartedMain] [springAppName_IS_UNDEFINED, ] INFO  o.s.b.d.e.DevToolsPropertyDefaultsPostProcessor.logTo - Devtools property defaults active! Set 'spring.devtools.add-properties' to 'false' to disable
05-09-2023 18:49:54.829 [restartedMain] [springAppName_IS_UNDEFINED, ] INFO  o.s.b.d.e.DevToolsPropertyDefaultsPostProcessor.logTo - For additional web related logging consider setting the 'logging.level.web' property to 'DEBUG'
05-09-2023 18:49:55.066 [restartedMain] [springAppName_IS_UNDEFINED, ] WARN  o.s.b.w.s.c.AnnotationConfigServletWebServerApplicationContext.refresh - Exception encountered during context initialization - cancelling refresh attempt: org.springframework.beans.factory.support.BeanDefinitionOverrideException: Invalid bean definition with name '${customer.name}.FeignClientSpecification' defined in null: Cannot register bean definition [Generic bean: class [org.springframework.cloud.openfeign.FeignClientSpecification]; scope=; abstract=false; lazyInit=null; autowireMode=0; dependencyCheck=0; autowireCandidate=true; primary=false; factoryBeanName=null; factoryMethodName=null; initMethodName=null; destroyMethodName=null] for bean '${customer.name}.FeignClientSpecification': There is already [Generic bean: class [org.springframework.cloud.openfeign.FeignClientSpecification]; scope=; abstract=false; lazyInit=null; autowireMode=0; dependencyCheck=0; autowireCandidate=true; primary=false; factoryBeanName=null; factoryMethodName=null; initMethodName=null; destroyMethodName=null] bound.
05-09-2023 18:49:55.072 [restartedMain] [springAppName_IS_UNDEFINED, ] INFO  o.s.b.a.l.ConditionEvaluationReportLoggingListener.logMessage - 

Error starting ApplicationContext. To display the conditions report re-run your application with 'debug' enabled.
05-09-2023 18:49:55.080 [restartedMain] [springAppName_IS_UNDEFINED, ] ERROR o.s.b.d.LoggingFailureAnalysisReporter.report - 

***************************
APPLICATION FAILED TO START
***************************

Description:

The bean '${customer.name}.FeignClientSpecification' could not be registered. A bean with that name has already been defined and overriding is disabled.

Action:

Consider renaming one of the beans or enabling overriding by setting spring.main.allow-bean-definition-overriding=true

05-09-2023 18:50:38.137 [restartedMain] [springAppName_IS_UNDEFINED, ] INFO  a.m.ms.account.MyBankApplication.logStarting - Starting MyBankApplication using Java 11.0.18 on KAPMAC165-M.local with PID 97966 (/Users/alizadacumsud/Desktop/my-microservice/ms-account-demo/build/classes/java/main started by alizadacumsud in /Users/alizadacumsud/Desktop/my-microservice/ms-account-demo)
05-09-2023 18:50:38.138 [restartedMain] [springAppName_IS_UNDEFINED, ] DEBUG a.m.ms.account.MyBankApplication.logStarting - Running with Spring Boot v2.6.1, Spring v5.3.13
05-09-2023 18:50:38.138 [restartedMain] [springAppName_IS_UNDEFINED, ] INFO  a.m.ms.account.MyBankApplication.logStartupProfileInfo - No active profile set, falling back to default profiles: default
05-09-2023 18:50:38.157 [restartedMain] [springAppName_IS_UNDEFINED, ] INFO  o.s.b.d.restart.ChangeableUrls.logTo - The Class-Path manifest attribute in /Users/alizadacumsud/.gradle/caches/modules-2/files-2.1/org.liquibase/liquibase-core/4.5.0/ecc5a74c46305594ae2dd00e8103c8367d89b042/liquibase-core-4.5.0.jar referenced one or more files that do not exist: file:/Users/alizadacumsud/.gradle/caches/modules-2/files-2.1/org.liquibase/liquibase-core/4.5.0/ecc5a74c46305594ae2dd00e8103c8367d89b042/snakeyaml-1.27.jar
05-09-2023 18:50:38.157 [restartedMain] [springAppName_IS_UNDEFINED, ] INFO  o.s.b.d.e.DevToolsPropertyDefaultsPostProcessor.logTo - Devtools property defaults active! Set 'spring.devtools.add-properties' to 'false' to disable
05-09-2023 18:50:38.157 [restartedMain] [springAppName_IS_UNDEFINED, ] INFO  o.s.b.d.e.DevToolsPropertyDefaultsPostProcessor.logTo - For additional web related logging consider setting the 'logging.level.web' property to 'DEBUG'
05-09-2023 18:50:38.496 [restartedMain] [springAppName_IS_UNDEFINED, ] INFO  o.s.d.r.c.RepositoryConfigurationDelegate.registerRepositoriesIn - Bootstrapping Spring Data JDBC repositories in DEFAULT mode.
05-09-2023 18:50:38.501 [restartedMain] [springAppName_IS_UNDEFINED, ] INFO  o.s.d.r.c.RepositoryConfigurationDelegate.registerRepositoriesIn - Finished Spring Data repository scanning in 3 ms. Found 0 JDBC repository interfaces.
05-09-2023 18:50:38.614 [restartedMain] [springAppName_IS_UNDEFINED, ] INFO  o.s.cloud.context.scope.GenericScope.setSerializationId - BeanFactory id=18b8b2d2-3124-388f-bb6f-bd59a3638f32
05-09-2023 18:50:39.176 [restartedMain] [springAppName_IS_UNDEFINED, ] INFO  o.s.b.w.e.tomcat.TomcatWebServer.initialize - Tomcat initialized with port(s): 8080 (http)
05-09-2023 18:50:39.181 [restartedMain] [springAppName_IS_UNDEFINED, ] INFO  o.a.coyote.http11.Http11NioProtocol.log - Initializing ProtocolHandler ["http-nio-8080"]
05-09-2023 18:50:39.181 [restartedMain] [springAppName_IS_UNDEFINED, ] INFO  o.a.catalina.core.StandardService.log - Starting service [Tomcat]
05-09-2023 18:50:39.182 [restartedMain] [springAppName_IS_UNDEFINED, ] INFO  o.a.catalina.core.StandardEngine.log - Starting Servlet engine: [Apache Tomcat/9.0.55]
05-09-2023 18:50:39.221 [restartedMain] [springAppName_IS_UNDEFINED, ] INFO  o.a.c.c.C.[Tomcat].[localhost].[/].log - Initializing Spring embedded WebApplicationContext
05-09-2023 18:50:39.221 [restartedMain] [springAppName_IS_UNDEFINED, ] INFO  o.s.b.w.s.c.ServletWebServerApplicationContext.prepareWebApplicationContext - Root WebApplicationContext: initialization completed in 1063 ms
05-09-2023 18:50:39.359 [restartedMain] [springAppName_IS_UNDEFINED, ] INFO  com.zaxxer.hikari.HikariDataSource.getConnection - HikariPool-1 - Starting...
05-09-2023 18:50:39.462 [restartedMain] [springAppName_IS_UNDEFINED, ] INFO  com.zaxxer.hikari.HikariDataSource.getConnection - HikariPool-1 - Start completed.
05-09-2023 18:50:39.547 [restartedMain] [springAppName_IS_UNDEFINED, ] INFO  liquibase.lockservice.log - Successfully acquired change log lock
05-09-2023 18:50:39.556 [restartedMain] [springAppName_IS_UNDEFINED, ] INFO  liquibase.changelog.log - Reading resource: db/changes/1.0/create-table-account.yaml
05-09-2023 18:50:39.610 [restartedMain] [springAppName_IS_UNDEFINED, ] INFO  liquibase.changelog.log - Reading resource: db/changes/2.0/add_account.sql
05-09-2023 18:50:39.653 [restartedMain] [springAppName_IS_UNDEFINED, ] INFO  liquibase.changelog.log - Reading from public.databasechangelog
05-09-2023 18:50:39.669 [restartedMain] [springAppName_IS_UNDEFINED, ] INFO  liquibase.lockservice.log - Successfully released change log lock
05-09-2023 18:50:39.834 [restartedMain] [springAppName_IS_UNDEFINED, ] WARN  o.s.b.d.a.OptionalLiveReloadServer.startServer - Unable to start LiveReload server
05-09-2023 18:50:39.860 [restartedMain] [springAppName_IS_UNDEFINED, ] WARN  o.s.b.w.s.c.AnnotationConfigServletWebServerApplicationContext.refresh - Exception encountered during context initialization - cancelling refresh attempt: org.springframework.beans.factory.UnsatisfiedDependencyException: Error creating bean with name 'accountController' defined in file [/Users/alizadacumsud/Desktop/my-microservice/ms-account-demo/build/classes/java/main/az/mybank/ms/account/controller/AccountController.class]: Unsatisfied dependency expressed through constructor parameter 0; nested exception is org.springframework.beans.factory.UnsatisfiedDependencyException: Error creating bean with name 'accountService' defined in file [/Users/alizadacumsud/Desktop/my-microservice/ms-account-demo/build/classes/java/main/az/mybank/ms/account/service/AccountService.class]: Unsatisfied dependency expressed through constructor parameter 2; nested exception is org.springframework.beans.factory.BeanCreationException: Error creating bean with name 'az.mybank.ms.account.client.CustomerClient': Unexpected exception during bean creation; nested exception is java.lang.IllegalStateException: PathVariable annotation was empty on param 0.
05-09-2023 18:50:39.862 [restartedMain] [springAppName_IS_UNDEFINED, ] INFO  com.zaxxer.hikari.HikariDataSource.close - HikariPool-1 - Shutdown initiated...
05-09-2023 18:50:39.865 [restartedMain] [springAppName_IS_UNDEFINED, ] INFO  com.zaxxer.hikari.HikariDataSource.close - HikariPool-1 - Shutdown completed.
05-09-2023 18:50:39.866 [restartedMain] [springAppName_IS_UNDEFINED, ] INFO  o.a.catalina.core.StandardService.log - Stopping service [Tomcat]
05-09-2023 18:50:39.873 [restartedMain] [springAppName_IS_UNDEFINED, ] INFO  o.s.b.a.l.ConditionEvaluationReportLoggingListener.logMessage - 

Error starting ApplicationContext. To display the conditions report re-run your application with 'debug' enabled.
05-09-2023 18:50:39.884 [restartedMain] [springAppName_IS_UNDEFINED, ] ERROR o.s.boot.SpringApplication.reportFailure - Application run failed
org.springframework.beans.factory.UnsatisfiedDependencyException: Error creating bean with name 'accountController' defined in file [/Users/alizadacumsud/Desktop/my-microservice/ms-account-demo/build/classes/java/main/az/mybank/ms/account/controller/AccountController.class]: Unsatisfied dependency expressed through constructor parameter 0; nested exception is org.springframework.beans.factory.UnsatisfiedDependencyException: Error creating bean with name 'accountService' defined in file [/Users/alizadacumsud/Desktop/my-microservice/ms-account-demo/build/classes/java/main/az/mybank/ms/account/service/AccountService.class]: Unsatisfied dependency expressed through constructor parameter 2; nested exception is org.springframework.beans.factory.BeanCreationException: Error creating bean with name 'az.mybank.ms.account.client.CustomerClient': Unexpected exception during bean creation; nested exception is java.lang.IllegalStateException: PathVariable annotation was empty on param 0.
	at org.springframework.beans.factory.support.ConstructorResolver.createArgumentArray(ConstructorResolver.java:800)
	at org.springframework.beans.factory.support.ConstructorResolver.autowireConstructor(ConstructorResolver.java:229)
	at org.springframework.beans.factory.support.AbstractAutowireCapableBeanFactory.autowireConstructor(AbstractAutowireCapableBeanFactory.java:1372)
	at org.springframework.beans.factory.support.AbstractAutowireCapableBeanFactory.createBeanInstance(AbstractAutowireCapableBeanFactory.java:1222)
	at org.springframework.beans.factory.support.AbstractAutowireCapableBeanFactory.doCreateBean(AbstractAutowireCapableBeanFactory.java:582)
	at org.springframework.beans.factory.support.AbstractAutowireCapableBeanFactory.createBean(AbstractAutowireCapableBeanFactory.java:542)
	at org.springframework.beans.factory.support.AbstractBeanFactory.lambda$doGetBean$0(AbstractBeanFactory.java:335)
	at org.springframework.beans.factory.support.DefaultSingletonBeanRegistry.getSingleton(DefaultSingletonBeanRegistry.java:234)
	at org.springframework.beans.factory.support.AbstractBeanFactory.doGetBean(AbstractBeanFactory.java:333)
	at org.springframework.beans.factory.support.AbstractBeanFactory.getBean(AbstractBeanFactory.java:208)
	at org.springframework.beans.factory.support.DefaultListableBeanFactory.preInstantiateSingletons(DefaultListableBeanFactory.java:944)
	at org.springframework.context.support.AbstractApplicationContext.finishBeanFactoryInitialization(AbstractApplicationContext.java:918)
	at org.springframework.context.support.AbstractApplicationContext.refresh(AbstractApplicationContext.java:583)
	at org.springframework.boot.web.servlet.context.ServletWebServerApplicationContext.refresh(ServletWebServerApplicationContext.java:145)
	at org.springframework.boot.SpringApplication.refresh(SpringApplication.java:730)
	at org.springframework.boot.SpringApplication.refreshContext(SpringApplication.java:412)
	at org.springframework.boot.SpringApplication.run(SpringApplication.java:302)
	at org.springframework.boot.SpringApplication.run(SpringApplication.java:1301)
	at org.springframework.boot.SpringApplication.run(SpringApplication.java:1290)
	at az.mybank.ms.account.MsAccount.main(MyBankApplication.java:10)
	at java.base/jdk.internal.reflect.NativeMethodAccessorImpl.invoke0(Native Method)
	at java.base/jdk.internal.reflect.NativeMethodAccessorImpl.invoke(NativeMethodAccessorImpl.java:62)
	at java.base/jdk.internal.reflect.DelegatingMethodAccessorImpl.invoke(DelegatingMethodAccessorImpl.java:43)
	at java.base/java.lang.reflect.Method.invoke(Method.java:566)
	at org.springframework.boot.devtools.restart.RestartLauncher.run(RestartLauncher.java:49)
Caused by: org.springframework.beans.factory.UnsatisfiedDependencyException: Error creating bean with name 'accountService' defined in file [/Users/alizadacumsud/Desktop/my-microservice/ms-account-demo/build/classes/java/main/az/mybank/ms/account/service/AccountService.class]: Unsatisfied dependency expressed through constructor parameter 2; nested exception is org.springframework.beans.factory.BeanCreationException: Error creating bean with name 'az.mybank.ms.account.client.CustomerClient': Unexpected exception during bean creation; nested exception is java.lang.IllegalStateException: PathVariable annotation was empty on param 0.
	at org.springframework.beans.factory.support.ConstructorResolver.createArgumentArray(ConstructorResolver.java:800)
	at org.springframework.beans.factory.support.ConstructorResolver.autowireConstructor(ConstructorResolver.java:229)
	at org.springframework.beans.factory.support.AbstractAutowireCapableBeanFactory.autowireConstructor(AbstractAutowireCapableBeanFactory.java:1372)
	at org.springframework.beans.factory.support.AbstractAutowireCapableBeanFactory.createBeanInstance(AbstractAutowireCapableBeanFactory.java:1222)
	at org.springframework.beans.factory.support.AbstractAutowireCapableBeanFactory.doCreateBean(AbstractAutowireCapableBeanFactory.java:582)
	at org.springframework.beans.factory.support.AbstractAutowireCapableBeanFactory.createBean(AbstractAutowireCapableBeanFactory.java:542)
	at org.springframework.beans.factory.support.AbstractBeanFactory.lambda$doGetBean$0(AbstractBeanFactory.java:335)
	at org.springframework.beans.factory.support.DefaultSingletonBeanRegistry.getSingleton(DefaultSingletonBeanRegistry.java:234)
	at org.springframework.beans.factory.support.AbstractBeanFactory.doGetBean(AbstractBeanFactory.java:333)
	at org.springframework.beans.factory.support.AbstractBeanFactory.getBean(AbstractBeanFactory.java:208)
	at org.springframework.beans.factory.config.DependencyDescriptor.resolveCandidate(DependencyDescriptor.java:276)
	at org.springframework.beans.factory.support.DefaultListableBeanFactory.doResolveDependency(DefaultListableBeanFactory.java:1380)
	at org.springframework.beans.factory.support.DefaultListableBeanFactory.resolveDependency(DefaultListableBeanFactory.java:1300)
	at org.springframework.beans.factory.support.ConstructorResolver.resolveAutowiredArgument(ConstructorResolver.java:887)
	at org.springframework.beans.factory.support.ConstructorResolver.createArgumentArray(ConstructorResolver.java:791)
	... 24 common frames omitted
Caused by: org.springframework.beans.factory.BeanCreationException: Error creating bean with name 'az.mybank.ms.account.client.CustomerClient': Unexpected exception during bean creation; nested exception is java.lang.IllegalStateException: PathVariable annotation was empty on param 0.
	at org.springframework.beans.factory.support.AbstractAutowireCapableBeanFactory.createBean(AbstractAutowireCapableBeanFactory.java:555)
	at org.springframework.beans.factory.support.AbstractBeanFactory.lambda$doGetBean$0(AbstractBeanFactory.java:335)
	at org.springframework.beans.factory.support.DefaultSingletonBeanRegistry.getSingleton(DefaultSingletonBeanRegistry.java:234)
	at org.springframework.beans.factory.support.AbstractBeanFactory.doGetBean(AbstractBeanFactory.java:333)
	at org.springframework.beans.factory.support.AbstractBeanFactory.getBean(AbstractBeanFactory.java:208)
	at org.springframework.beans.factory.config.DependencyDescriptor.resolveCandidate(DependencyDescriptor.java:276)
	at org.springframework.beans.factory.support.DefaultListableBeanFactory.doResolveDependency(DefaultListableBeanFactory.java:1380)
	at org.springframework.beans.factory.support.DefaultListableBeanFactory.resolveDependency(DefaultListableBeanFactory.java:1300)
	at org.springframework.beans.factory.support.ConstructorResolver.resolveAutowiredArgument(ConstructorResolver.java:887)
	at org.springframework.beans.factory.support.ConstructorResolver.createArgumentArray(ConstructorResolver.java:791)
	... 38 common frames omitted
Caused by: java.lang.IllegalStateException: PathVariable annotation was empty on param 0.
	at feign.Util.checkState(Util.java:121)
	at org.springframework.cloud.openfeign.annotation.PathVariableParameterProcessor.processArgument(PathVariableParameterProcessor.java:52)
	at org.springframework.cloud.openfeign.support.SpringMvcContract.processAnnotationsOnParameter(SpringMvcContract.java:280)
	at feign.Contract$BaseContract.parseAndValidateMetadata(Contract.java:126)
	at org.springframework.cloud.openfeign.support.SpringMvcContract.parseAndValidateMetadata(SpringMvcContract.java:193)
	at feign.Contract$BaseContract.parseAndValidateMetadata(Contract.java:65)
	at feign.ReflectiveFeign$ParseHandlersByName.apply(ReflectiveFeign.java:151)
	at feign.ReflectiveFeign.newInstance(ReflectiveFeign.java:49)
	at feign.Feign$Builder.target(Feign.java:268)
	at org.springframework.cloud.openfeign.DefaultTargeter.target(DefaultTargeter.java:30)
	at org.springframework.cloud.openfeign.FeignClientFactoryBean.getTarget(FeignClientFactoryBean.java:442)
	at org.springframework.cloud.openfeign.FeignClientFactoryBean.getObject(FeignClientFactoryBean.java:396)
	at org.springframework.cloud.openfeign.FeignClientsRegistrar.lambda$registerFeignClient$0(FeignClientsRegistrar.java:235)
	at org.springframework.beans.factory.support.AbstractAutowireCapableBeanFactory.obtainFromSupplier(AbstractAutowireCapableBeanFactory.java:1249)
	at org.springframework.beans.factory.support.AbstractAutowireCapableBeanFactory.createBeanInstance(AbstractAutowireCapableBeanFactory.java:1191)
	at org.springframework.beans.factory.support.AbstractAutowireCapableBeanFactory.doCreateBean(AbstractAutowireCapableBeanFactory.java:582)
	at org.springframework.beans.factory.support.AbstractAutowireCapableBeanFactory.createBean(AbstractAutowireCapableBeanFactory.java:542)
	... 47 common frames omitted
05-09-2023 18:52:24.299 [restartedMain] [springAppName_IS_UNDEFINED, ] INFO  a.m.ms.account.MyBankApplication.logStarting - Starting MyBankApplication using Java 11.0.18 on KAPMAC165-M.local with PID 98065 (/Users/alizadacumsud/Desktop/my-microservice/ms-account-demo/build/classes/java/main started by alizadacumsud in /Users/alizadacumsud/Desktop/my-microservice/ms-account-demo)
05-09-2023 18:52:24.300 [restartedMain] [springAppName_IS_UNDEFINED, ] DEBUG a.m.ms.account.MyBankApplication.logStarting - Running with Spring Boot v2.6.1, Spring v5.3.13
05-09-2023 18:52:24.300 [restartedMain] [springAppName_IS_UNDEFINED, ] INFO  a.m.ms.account.MyBankApplication.logStartupProfileInfo - No active profile set, falling back to default profiles: default
05-09-2023 18:52:24.317 [restartedMain] [springAppName_IS_UNDEFINED, ] INFO  o.s.b.d.restart.ChangeableUrls.logTo - The Class-Path manifest attribute in /Users/alizadacumsud/.gradle/caches/modules-2/files-2.1/org.liquibase/liquibase-core/4.5.0/ecc5a74c46305594ae2dd00e8103c8367d89b042/liquibase-core-4.5.0.jar referenced one or more files that do not exist: file:/Users/alizadacumsud/.gradle/caches/modules-2/files-2.1/org.liquibase/liquibase-core/4.5.0/ecc5a74c46305594ae2dd00e8103c8367d89b042/snakeyaml-1.27.jar
05-09-2023 18:52:24.317 [restartedMain] [springAppName_IS_UNDEFINED, ] INFO  o.s.b.d.e.DevToolsPropertyDefaultsPostProcessor.logTo - Devtools property defaults active! Set 'spring.devtools.add-properties' to 'false' to disable
05-09-2023 18:52:24.317 [restartedMain] [springAppName_IS_UNDEFINED, ] INFO  o.s.b.d.e.DevToolsPropertyDefaultsPostProcessor.logTo - For additional web related logging consider setting the 'logging.level.web' property to 'DEBUG'
05-09-2023 18:52:24.632 [restartedMain] [springAppName_IS_UNDEFINED, ] INFO  o.s.d.r.c.RepositoryConfigurationDelegate.registerRepositoriesIn - Bootstrapping Spring Data JDBC repositories in DEFAULT mode.
05-09-2023 18:52:24.637 [restartedMain] [springAppName_IS_UNDEFINED, ] INFO  o.s.d.r.c.RepositoryConfigurationDelegate.registerRepositoriesIn - Finished Spring Data repository scanning in 3 ms. Found 0 JDBC repository interfaces.
05-09-2023 18:52:24.758 [restartedMain] [springAppName_IS_UNDEFINED, ] INFO  o.s.cloud.context.scope.GenericScope.setSerializationId - BeanFactory id=18b8b2d2-3124-388f-bb6f-bd59a3638f32
05-09-2023 18:52:25.302 [restartedMain] [springAppName_IS_UNDEFINED, ] INFO  o.s.b.w.e.tomcat.TomcatWebServer.initialize - Tomcat initialized with port(s): 8080 (http)
05-09-2023 18:52:25.306 [restartedMain] [springAppName_IS_UNDEFINED, ] INFO  o.a.coyote.http11.Http11NioProtocol.log - Initializing ProtocolHandler ["http-nio-8080"]
05-09-2023 18:52:25.306 [restartedMain] [springAppName_IS_UNDEFINED, ] INFO  o.a.catalina.core.StandardService.log - Starting service [Tomcat]
05-09-2023 18:52:25.307 [restartedMain] [springAppName_IS_UNDEFINED, ] INFO  o.a.catalina.core.StandardEngine.log - Starting Servlet engine: [Apache Tomcat/9.0.55]
05-09-2023 18:52:25.345 [restartedMain] [springAppName_IS_UNDEFINED, ] INFO  o.a.c.c.C.[Tomcat].[localhost].[/].log - Initializing Spring embedded WebApplicationContext
05-09-2023 18:52:25.345 [restartedMain] [springAppName_IS_UNDEFINED, ] INFO  o.s.b.w.s.c.ServletWebServerApplicationContext.prepareWebApplicationContext - Root WebApplicationContext: initialization completed in 1027 ms
05-09-2023 18:52:25.475 [restartedMain] [springAppName_IS_UNDEFINED, ] INFO  com.zaxxer.hikari.HikariDataSource.getConnection - HikariPool-1 - Starting...
05-09-2023 18:52:25.577 [restartedMain] [springAppName_IS_UNDEFINED, ] INFO  com.zaxxer.hikari.HikariDataSource.getConnection - HikariPool-1 - Start completed.
05-09-2023 18:52:25.669 [restartedMain] [springAppName_IS_UNDEFINED, ] INFO  liquibase.lockservice.log - Successfully acquired change log lock
05-09-2023 18:52:25.678 [restartedMain] [springAppName_IS_UNDEFINED, ] INFO  liquibase.changelog.log - Reading resource: db/changes/1.0/create-table-account.yaml
05-09-2023 18:52:25.733 [restartedMain] [springAppName_IS_UNDEFINED, ] INFO  liquibase.changelog.log - Reading resource: db/changes/2.0/add_account.sql
05-09-2023 18:52:25.784 [restartedMain] [springAppName_IS_UNDEFINED, ] INFO  liquibase.changelog.log - Reading from public.databasechangelog
05-09-2023 18:52:25.800 [restartedMain] [springAppName_IS_UNDEFINED, ] INFO  liquibase.lockservice.log - Successfully released change log lock
05-09-2023 18:52:25.956 [restartedMain] [springAppName_IS_UNDEFINED, ] WARN  o.s.b.d.a.OptionalLiveReloadServer.startServer - Unable to start LiveReload server
05-09-2023 18:52:26.655 [restartedMain] [springAppName_IS_UNDEFINED, ] INFO  o.a.coyote.http11.Http11NioProtocol.log - Starting ProtocolHandler ["http-nio-8080"]
05-09-2023 18:52:26.668 [restartedMain] [springAppName_IS_UNDEFINED, ] INFO  o.s.b.w.e.tomcat.TomcatWebServer.start - Tomcat started on port(s): 8080 (http) with context path ''
05-09-2023 18:52:26.728 [restartedMain] [springAppName_IS_UNDEFINED, ] INFO  a.m.ms.account.MyBankApplication.logStarted - Started MyBankApplication in 2.628 seconds (JVM running for 3.13)
05-09-2023 18:52:45.613 [http-nio-8080-exec-1] [springAppName_IS_UNDEFINED, ] INFO  o.a.c.c.C.[Tomcat].[localhost].[/].log - Initializing Spring DispatcherServlet 'dispatcherServlet'
05-09-2023 18:52:45.614 [http-nio-8080-exec-1] [springAppName_IS_UNDEFINED, ] INFO  o.s.web.servlet.DispatcherServlet.initServletBean - Initializing Servlet 'dispatcherServlet'
05-09-2023 18:52:45.618 [http-nio-8080-exec-1] [springAppName_IS_UNDEFINED, ] INFO  o.s.web.servlet.DispatcherServlet.initServletBean - Completed initialization in 4 ms
05-09-2023 18:52:45.640 [http-nio-8080-exec-1] [springAppName_IS_UNDEFINED, ] DEBUG a.m.ms.account.client.CustomerClient.log - [CustomerClient#getCustomerWithId] ---> GET http://localhost:9834/customer/1 HTTP/1.1
05-09-2023 18:52:45.641 [http-nio-8080-exec-1] [springAppName_IS_UNDEFINED, ] DEBUG a.m.ms.account.client.CustomerClient.log - [CustomerClient#getCustomerWithId] ---> END HTTP (0-byte body)
05-09-2023 18:52:45.775 [http-nio-8080-exec-1] [springAppName_IS_UNDEFINED, ] DEBUG a.m.ms.account.client.CustomerClient.log - [CustomerClient#getCustomerWithId] <--- HTTP/1.1 200 (132ms)
05-09-2023 18:52:45.775 [http-nio-8080-exec-1] [springAppName_IS_UNDEFINED, ] DEBUG a.m.ms.account.client.CustomerClient.log - [CustomerClient#getCustomerWithId] connection: keep-alive
05-09-2023 18:52:45.775 [http-nio-8080-exec-1] [springAppName_IS_UNDEFINED, ] DEBUG a.m.ms.account.client.CustomerClient.log - [CustomerClient#getCustomerWithId] content-type: application/json
05-09-2023 18:52:45.775 [http-nio-8080-exec-1] [springAppName_IS_UNDEFINED, ] DEBUG a.m.ms.account.client.CustomerClient.log - [CustomerClient#getCustomerWithId] date: Tue, 05 Sep 2023 14:52:45 GMT
05-09-2023 18:52:45.775 [http-nio-8080-exec-1] [springAppName_IS_UNDEFINED, ] DEBUG a.m.ms.account.client.CustomerClient.log - [CustomerClient#getCustomerWithId] keep-alive: timeout=60
05-09-2023 18:52:45.775 [http-nio-8080-exec-1] [springAppName_IS_UNDEFINED, ] DEBUG a.m.ms.account.client.CustomerClient.log - [CustomerClient#getCustomerWithId] transfer-encoding: chunked
05-09-2023 18:52:45.775 [http-nio-8080-exec-1] [springAppName_IS_UNDEFINED, ] DEBUG a.m.ms.account.client.CustomerClient.log - [CustomerClient#getCustomerWithId] 
05-09-2023 18:52:45.776 [http-nio-8080-exec-1] [springAppName_IS_UNDEFINED, ] DEBUG a.m.ms.account.client.CustomerClient.log - [CustomerClient#getCustomerWithId] {"id":1,"name":"Jumshud","surname":"Asadzada","cif":"1732003","pin":"7XXOGH1"}
05-09-2023 18:52:45.776 [http-nio-8080-exec-1] [springAppName_IS_UNDEFINED, ] DEBUG a.m.ms.account.client.CustomerClient.log - [CustomerClient#getCustomerWithId] <--- END HTTP (78-byte body)
05-09-2023 18:52:47.749 [http-nio-8080-exec-3] [springAppName_IS_UNDEFINED, ] DEBUG a.m.ms.account.client.CustomerClient.log - [CustomerClient#getCustomerWithId] ---> GET http://localhost:9834/customer/4 HTTP/1.1
05-09-2023 18:52:47.750 [http-nio-8080-exec-3] [springAppName_IS_UNDEFINED, ] DEBUG a.m.ms.account.client.CustomerClient.log - [CustomerClient#getCustomerWithId] ---> END HTTP (0-byte body)
05-09-2023 18:52:47.771 [http-nio-8080-exec-3] [springAppName_IS_UNDEFINED, ] DEBUG a.m.ms.account.client.CustomerClient.log - [CustomerClient#getCustomerWithId] <--- HTTP/1.1 200 (20ms)
05-09-2023 18:52:47.772 [http-nio-8080-exec-3] [springAppName_IS_UNDEFINED, ] DEBUG a.m.ms.account.client.CustomerClient.log - [CustomerClient#getCustomerWithId] connection: keep-alive
05-09-2023 18:52:47.772 [http-nio-8080-exec-3] [springAppName_IS_UNDEFINED, ] DEBUG a.m.ms.account.client.CustomerClient.log - [CustomerClient#getCustomerWithId] content-type: application/json
05-09-2023 18:52:47.772 [http-nio-8080-exec-3] [springAppName_IS_UNDEFINED, ] DEBUG a.m.ms.account.client.CustomerClient.log - [CustomerClient#getCustomerWithId] date: Tue, 05 Sep 2023 14:52:47 GMT
05-09-2023 18:52:47.772 [http-nio-8080-exec-3] [springAppName_IS_UNDEFINED, ] DEBUG a.m.ms.account.client.CustomerClient.log - [CustomerClient#getCustomerWithId] keep-alive: timeout=60
05-09-2023 18:52:47.772 [http-nio-8080-exec-3] [springAppName_IS_UNDEFINED, ] DEBUG a.m.ms.account.client.CustomerClient.log - [CustomerClient#getCustomerWithId] transfer-encoding: chunked
05-09-2023 18:52:47.773 [http-nio-8080-exec-3] [springAppName_IS_UNDEFINED, ] DEBUG a.m.ms.account.client.CustomerClient.log - [CustomerClient#getCustomerWithId] 
05-09-2023 18:52:47.773 [http-nio-8080-exec-3] [springAppName_IS_UNDEFINED, ] DEBUG a.m.ms.account.client.CustomerClient.log - [CustomerClient#getCustomerWithId] {"id":4,"name":"Nigar","surname":"Aliyeva","cif":"561423","pin":"U98K1J"}
05-09-2023 18:52:47.773 [http-nio-8080-exec-3] [springAppName_IS_UNDEFINED, ] DEBUG a.m.ms.account.client.CustomerClient.log - [CustomerClient#getCustomerWithId] <--- END HTTP (73-byte body)
05-09-2023 18:52:50.642 [http-nio-8080-exec-4] [springAppName_IS_UNDEFINED, ] INFO  a.m.m.account.service.AccountService.getAccountWithId - INFO
05-09-2023 18:52:50.644 [http-nio-8080-exec-4] [springAppName_IS_UNDEFINED, ] DEBUG a.m.m.account.service.AccountService.getAccountWithId - DEBUG
05-09-2023 18:52:52.889 [http-nio-8080-exec-5] [springAppName_IS_UNDEFINED, ] DEBUG a.m.ms.account.client.CustomerClient.log - [CustomerClient#getCustomerWithId] ---> GET http://localhost:9834/customer/4 HTTP/1.1
05-09-2023 18:52:52.890 [http-nio-8080-exec-5] [springAppName_IS_UNDEFINED, ] DEBUG a.m.ms.account.client.CustomerClient.log - [CustomerClient#getCustomerWithId] ---> END HTTP (0-byte body)
05-09-2023 18:52:52.912 [http-nio-8080-exec-5] [springAppName_IS_UNDEFINED, ] DEBUG a.m.ms.account.client.CustomerClient.log - [CustomerClient#getCustomerWithId] <--- HTTP/1.1 200 (21ms)
05-09-2023 18:52:52.913 [http-nio-8080-exec-5] [springAppName_IS_UNDEFINED, ] DEBUG a.m.ms.account.client.CustomerClient.log - [CustomerClient#getCustomerWithId] connection: keep-alive
05-09-2023 18:52:52.913 [http-nio-8080-exec-5] [springAppName_IS_UNDEFINED, ] DEBUG a.m.ms.account.client.CustomerClient.log - [CustomerClient#getCustomerWithId] content-type: application/json
05-09-2023 18:52:52.913 [http-nio-8080-exec-5] [springAppName_IS_UNDEFINED, ] DEBUG a.m.ms.account.client.CustomerClient.log - [CustomerClient#getCustomerWithId] date: Tue, 05 Sep 2023 14:52:52 GMT
05-09-2023 18:52:52.913 [http-nio-8080-exec-5] [springAppName_IS_UNDEFINED, ] DEBUG a.m.ms.account.client.CustomerClient.log - [CustomerClient#getCustomerWithId] keep-alive: timeout=60
05-09-2023 18:52:52.914 [http-nio-8080-exec-5] [springAppName_IS_UNDEFINED, ] DEBUG a.m.ms.account.client.CustomerClient.log - [CustomerClient#getCustomerWithId] transfer-encoding: chunked
05-09-2023 18:52:52.914 [http-nio-8080-exec-5] [springAppName_IS_UNDEFINED, ] DEBUG a.m.ms.account.client.CustomerClient.log - [CustomerClient#getCustomerWithId] 
05-09-2023 18:52:52.914 [http-nio-8080-exec-5] [springAppName_IS_UNDEFINED, ] DEBUG a.m.ms.account.client.CustomerClient.log - [CustomerClient#getCustomerWithId] {"id":4,"name":"Nigar","surname":"Aliyeva","cif":"561423","pin":"U98K1J"}
05-09-2023 18:52:52.914 [http-nio-8080-exec-5] [springAppName_IS_UNDEFINED, ] DEBUG a.m.ms.account.client.CustomerClient.log - [CustomerClient#getCustomerWithId] <--- END HTTP (73-byte body)
05-09-2023 19:10:48.456 [HikariPool-1 housekeeper] [springAppName_IS_UNDEFINED, ] WARN  com.zaxxer.hikari.pool.HikariPool.run - HikariPool-1 - Thread starvation or clock leap detected (housekeeper delta=16m22s724ms).
05-09-2023 19:12:11.081 [http-nio-8080-exec-7] [springAppName_IS_UNDEFINED, ] DEBUG a.m.ms.account.client.CustomerClient.log - [CustomerClient#getCustomerWithId] ---> GET http://localhost:9834/customer/4 HTTP/1.1
05-09-2023 19:12:11.083 [http-nio-8080-exec-7] [springAppName_IS_UNDEFINED, ] DEBUG a.m.ms.account.client.CustomerClient.log - [CustomerClient#getCustomerWithId] ---> END HTTP (0-byte body)
05-09-2023 19:12:11.094 [http-nio-8080-exec-7] [springAppName_IS_UNDEFINED, ] DEBUG a.m.ms.account.client.CustomerClient.log - [CustomerClient#getCustomerWithId] <--- ERROR ConnectException: Connection refused (Connection refused) (11ms)
05-09-2023 19:12:11.095 [http-nio-8080-exec-7] [springAppName_IS_UNDEFINED, ] DEBUG a.m.ms.account.client.CustomerClient.log - [CustomerClient#getCustomerWithId] java.net.ConnectException: Connection refused (Connection refused)
	at java.base/java.net.PlainSocketImpl.socketConnect(Native Method)
	at java.base/java.net.AbstractPlainSocketImpl.doConnect(AbstractPlainSocketImpl.java:412)
	at java.base/java.net.AbstractPlainSocketImpl.connectToAddress(AbstractPlainSocketImpl.java:255)
	at java.base/java.net.AbstractPlainSocketImpl.connect(AbstractPlainSocketImpl.java:237)
	at java.base/java.net.Socket.connect(Socket.java:609)
	at java.base/sun.net.NetworkClient.doConnect(NetworkClient.java:177)
	at java.base/sun.net.www.http.HttpClient.openServer(HttpClient.java:507)
	at java.base/sun.net.www.http.HttpClient.openServer(HttpClient.java:602)
	at java.base/sun.net.www.http.HttpClient.<init>(HttpClient.java:275)
	at java.base/sun.net.www.http.HttpClient.New(HttpClient.java:374)
	at java.base/sun.net.www.http.HttpClient.New(HttpClient.java:395)
	at java.base/sun.net.www.protocol.http.HttpURLConnection.getNewHttpClient(HttpURLConnection.java:1253)
	at java.base/sun.net.www.protocol.http.HttpURLConnection.plainConnect0(HttpURLConnection.java:1187)
	at java.base/sun.net.www.protocol.http.HttpURLConnection.plainConnect(HttpURLConnection.java:1081)
	at java.base/sun.net.www.protocol.http.HttpURLConnection.connect(HttpURLConnection.java:1015)
	at java.base/sun.net.www.protocol.http.HttpURLConnection.getInputStream0(HttpURLConnection.java:1592)
	at java.base/sun.net.www.protocol.http.HttpURLConnection.getInputStream(HttpURLConnection.java:1520)
	at java.base/java.net.HttpURLConnection.getResponseCode(HttpURLConnection.java:527)
	at feign.Client$Default.convertResponse(Client.java:109)
	at feign.Client$Default.execute(Client.java:105)
	at org.springframework.cloud.sleuth.instrument.web.client.feign.TracingFeignClient.execute(TracingFeignClient.java:79)
	at org.springframework.cloud.sleuth.instrument.web.client.feign.LazyClient.execute(LazyClient.java:54)
	at feign.SynchronousMethodHandler.executeAndDecode(SynchronousMethodHandler.java:119)
	at feign.SynchronousMethodHandler.invoke(SynchronousMethodHandler.java:89)
	at feign.ReflectiveFeign$FeignInvocationHandler.invoke(ReflectiveFeign.java:100)
	at com.sun.proxy.$Proxy103.getCustomerWithId(Unknown Source)
	at az.mybank.ms.account.service.AccountService.getCustomerById(AccountService.java:22)
	at az.mybank.ms.account.controller.AccountController.getCustomerWithId(AccountController.java:22)
	at java.base/jdk.internal.reflect.NativeMethodAccessorImpl.invoke0(Native Method)
	at java.base/jdk.internal.reflect.NativeMethodAccessorImpl.invoke(NativeMethodAccessorImpl.java:62)
	at java.base/jdk.internal.reflect.DelegatingMethodAccessorImpl.invoke(DelegatingMethodAccessorImpl.java:43)
	at java.base/java.lang.reflect.Method.invoke(Method.java:566)
	at org.springframework.web.method.support.InvocableHandlerMethod.doInvoke(InvocableHandlerMethod.java:205)
	at org.springframework.web.method.support.InvocableHandlerMethod.invokeForRequest(InvocableHandlerMethod.java:150)
	at org.springframework.web.servlet.mvc.method.annotation.ServletInvocableHandlerMethod.invokeAndHandle(ServletInvocableHandlerMethod.java:117)
	at org.springframework.web.servlet.mvc.method.annotation.RequestMappingHandlerAdapter.invokeHandlerMethod(RequestMappingHandlerAdapter.java:895)
	at org.springframework.web.servlet.mvc.method.annotation.RequestMappingHandlerAdapter.handleInternal(RequestMappingHandlerAdapter.java:808)
	at org.springframework.web.servlet.mvc.method.AbstractHandlerMethodAdapter.handle(AbstractHandlerMethodAdapter.java:87)
	at org.springframework.web.servlet.DispatcherServlet.doDispatch(DispatcherServlet.java:1067)
	at org.springframework.web.servlet.DispatcherServlet.doService(DispatcherServlet.java:963)
	at org.springframework.web.servlet.FrameworkServlet.processRequest(FrameworkServlet.java:1006)
	at org.springframework.web.servlet.FrameworkServlet.doGet(FrameworkServlet.java:898)
	at javax.servlet.http.HttpServlet.service(HttpServlet.java:655)
	at org.springframework.web.servlet.FrameworkServlet.service(FrameworkServlet.java:883)
	at javax.servlet.http.HttpServlet.service(HttpServlet.java:764)
	at org.apache.catalina.core.ApplicationFilterChain.internalDoFilter(ApplicationFilterChain.java:227)
	at org.apache.catalina.core.ApplicationFilterChain.doFilter(ApplicationFilterChain.java:162)
	at org.apache.tomcat.websocket.server.WsFilter.doFilter(WsFilter.java:53)
	at org.apache.catalina.core.ApplicationFilterChain.internalDoFilter(ApplicationFilterChain.java:189)
	at org.apache.catalina.core.ApplicationFilterChain.doFilter(ApplicationFilterChain.java:162)
	at org.springframework.web.filter.RequestContextFilter.doFilterInternal(RequestContextFilter.java:100)
	at org.springframework.web.filter.OncePerRequestFilter.doFilter(OncePerRequestFilter.java:119)
	at org.apache.catalina.core.ApplicationFilterChain.internalDoFilter(ApplicationFilterChain.java:189)
	at org.apache.catalina.core.ApplicationFilterChain.doFilter(ApplicationFilterChain.java:162)
	at org.springframework.web.filter.FormContentFilter.doFilterInternal(FormContentFilter.java:93)
	at org.springframework.web.filter.OncePerRequestFilter.doFilter(OncePerRequestFilter.java:119)
	at org.apache.catalina.core.ApplicationFilterChain.internalDoFilter(ApplicationFilterChain.java:189)
	at org.apache.catalina.core.ApplicationFilterChain.doFilter(ApplicationFilterChain.java:162)
	at org.springframework.cloud.sleuth.instrument.web.servlet.TracingFilter.doFilter(TracingFilter.java:68)
	at org.springframework.cloud.sleuth.autoconfig.instrument.web.TraceWebServletConfiguration$LazyTracingFilter.doFilter(TraceWebServletConfiguration.java:129)
	at org.apache.catalina.core.ApplicationFilterChain.internalDoFilter(ApplicationFilterChain.java:189)
	at org.apache.catalina.core.ApplicationFilterChain.doFilter(ApplicationFilterChain.java:162)
	at org.springframework.web.filter.CharacterEncodingFilter.doFilterInternal(CharacterEncodingFilter.java:201)
	at org.springframework.web.filter.OncePerRequestFilter.doFilter(OncePerRequestFilter.java:119)
	at org.apache.catalina.core.ApplicationFilterChain.internalDoFilter(ApplicationFilterChain.java:189)
	at org.apache.catalina.core.ApplicationFilterChain.doFilter(ApplicationFilterChain.java:162)
	at org.apache.catalina.core.StandardWrapperValve.invoke(StandardWrapperValve.java:197)
	at org.apache.catalina.core.StandardContextValve.invoke(StandardContextValve.java:97)
	at org.apache.catalina.authenticator.AuthenticatorBase.invoke(AuthenticatorBase.java:540)
	at org.apache.catalina.core.StandardHostValve.invoke(StandardHostValve.java:135)
	at org.apache.catalina.valves.ErrorReportValve.invoke(ErrorReportValve.java:92)
	at org.apache.catalina.core.StandardEngineValve.invoke(StandardEngineValve.java:78)
	at org.springframework.cloud.sleuth.instrument.web.tomcat.TraceValve.invoke(TraceValve.java:74)
	at org.apache.catalina.connector.CoyoteAdapter.service(CoyoteAdapter.java:357)
	at org.apache.coyote.http11.Http11Processor.service(Http11Processor.java:382)
	at org.apache.coyote.AbstractProcessorLight.process(AbstractProcessorLight.java:65)
	at org.apache.coyote.AbstractProtocol$ConnectionHandler.process(AbstractProtocol.java:895)
	at org.apache.tomcat.util.net.NioEndpoint$SocketProcessor.doRun(NioEndpoint.java:1722)
	at org.apache.tomcat.util.net.SocketProcessorBase.run(SocketProcessorBase.java:49)
	at org.apache.tomcat.util.threads.ThreadPoolExecutor.runWorker(ThreadPoolExecutor.java:1191)
	at org.apache.tomcat.util.threads.ThreadPoolExecutor$Worker.run(ThreadPoolExecutor.java:659)
	at org.apache.tomcat.util.threads.TaskThread$WrappingRunnable.run(TaskThread.java:61)
	at java.base/java.lang.Thread.run(Thread.java:829)

05-09-2023 19:12:11.095 [http-nio-8080-exec-7] [springAppName_IS_UNDEFINED, ] DEBUG a.m.ms.account.client.CustomerClient.log - [CustomerClient#getCustomerWithId] <--- END ERROR
05-09-2023 19:12:11.104 [http-nio-8080-exec-7] [springAppName_IS_UNDEFINED, ] ERROR o.a.c.c.C.[.[.[.[dispatcherServlet].log - Servlet.service() for servlet [dispatcherServlet] in context with path [] threw exception [Request processing failed; nested exception is feign.RetryableException: Connection refused (Connection refused) executing GET http://localhost:9834/customer/4] with root cause
java.net.ConnectException: Connection refused (Connection refused)
	at java.base/java.net.PlainSocketImpl.socketConnect(Native Method)
	at java.base/java.net.AbstractPlainSocketImpl.doConnect(AbstractPlainSocketImpl.java:412)
	at java.base/java.net.AbstractPlainSocketImpl.connectToAddress(AbstractPlainSocketImpl.java:255)
	at java.base/java.net.AbstractPlainSocketImpl.connect(AbstractPlainSocketImpl.java:237)
	at java.base/java.net.Socket.connect(Socket.java:609)
	at java.base/sun.net.NetworkClient.doConnect(NetworkClient.java:177)
	at java.base/sun.net.www.http.HttpClient.openServer(HttpClient.java:507)
	at java.base/sun.net.www.http.HttpClient.openServer(HttpClient.java:602)
	at java.base/sun.net.www.http.HttpClient.<init>(HttpClient.java:275)
	at java.base/sun.net.www.http.HttpClient.New(HttpClient.java:374)
	at java.base/sun.net.www.http.HttpClient.New(HttpClient.java:395)
	at java.base/sun.net.www.protocol.http.HttpURLConnection.getNewHttpClient(HttpURLConnection.java:1253)
	at java.base/sun.net.www.protocol.http.HttpURLConnection.plainConnect0(HttpURLConnection.java:1187)
	at java.base/sun.net.www.protocol.http.HttpURLConnection.plainConnect(HttpURLConnection.java:1081)
	at java.base/sun.net.www.protocol.http.HttpURLConnection.connect(HttpURLConnection.java:1015)
	at java.base/sun.net.www.protocol.http.HttpURLConnection.getInputStream0(HttpURLConnection.java:1592)
	at java.base/sun.net.www.protocol.http.HttpURLConnection.getInputStream(HttpURLConnection.java:1520)
	at java.base/java.net.HttpURLConnection.getResponseCode(HttpURLConnection.java:527)
	at feign.Client$Default.convertResponse(Client.java:109)
	at feign.Client$Default.execute(Client.java:105)
	at org.springframework.cloud.sleuth.instrument.web.client.feign.TracingFeignClient.execute(TracingFeignClient.java:79)
	at org.springframework.cloud.sleuth.instrument.web.client.feign.LazyClient.execute(LazyClient.java:54)
	at feign.SynchronousMethodHandler.executeAndDecode(SynchronousMethodHandler.java:119)
	at feign.SynchronousMethodHandler.invoke(SynchronousMethodHandler.java:89)
	at feign.ReflectiveFeign$FeignInvocationHandler.invoke(ReflectiveFeign.java:100)
	at com.sun.proxy.$Proxy103.getCustomerWithId(Unknown Source)
	at az.mybank.ms.account.service.AccountService.getCustomerById(AccountService.java:22)
	at az.mybank.ms.account.controller.AccountController.getCustomerWithId(AccountController.java:22)
	at java.base/jdk.internal.reflect.NativeMethodAccessorImpl.invoke0(Native Method)
	at java.base/jdk.internal.reflect.NativeMethodAccessorImpl.invoke(NativeMethodAccessorImpl.java:62)
	at java.base/jdk.internal.reflect.DelegatingMethodAccessorImpl.invoke(DelegatingMethodAccessorImpl.java:43)
	at java.base/java.lang.reflect.Method.invoke(Method.java:566)
	at org.springframework.web.method.support.InvocableHandlerMethod.doInvoke(InvocableHandlerMethod.java:205)
	at org.springframework.web.method.support.InvocableHandlerMethod.invokeForRequest(InvocableHandlerMethod.java:150)
	at org.springframework.web.servlet.mvc.method.annotation.ServletInvocableHandlerMethod.invokeAndHandle(ServletInvocableHandlerMethod.java:117)
	at org.springframework.web.servlet.mvc.method.annotation.RequestMappingHandlerAdapter.invokeHandlerMethod(RequestMappingHandlerAdapter.java:895)
	at org.springframework.web.servlet.mvc.method.annotation.RequestMappingHandlerAdapter.handleInternal(RequestMappingHandlerAdapter.java:808)
	at org.springframework.web.servlet.mvc.method.AbstractHandlerMethodAdapter.handle(AbstractHandlerMethodAdapter.java:87)
	at org.springframework.web.servlet.DispatcherServlet.doDispatch(DispatcherServlet.java:1067)
	at org.springframework.web.servlet.DispatcherServlet.doService(DispatcherServlet.java:963)
	at org.springframework.web.servlet.FrameworkServlet.processRequest(FrameworkServlet.java:1006)
	at org.springframework.web.servlet.FrameworkServlet.doGet(FrameworkServlet.java:898)
	at javax.servlet.http.HttpServlet.service(HttpServlet.java:655)
	at org.springframework.web.servlet.FrameworkServlet.service(FrameworkServlet.java:883)
	at javax.servlet.http.HttpServlet.service(HttpServlet.java:764)
	at org.apache.catalina.core.ApplicationFilterChain.internalDoFilter(ApplicationFilterChain.java:227)
	at org.apache.catalina.core.ApplicationFilterChain.doFilter(ApplicationFilterChain.java:162)
	at org.apache.tomcat.websocket.server.WsFilter.doFilter(WsFilter.java:53)
	at org.apache.catalina.core.ApplicationFilterChain.internalDoFilter(ApplicationFilterChain.java:189)
	at org.apache.catalina.core.ApplicationFilterChain.doFilter(ApplicationFilterChain.java:162)
	at org.springframework.web.filter.RequestContextFilter.doFilterInternal(RequestContextFilter.java:100)
	at org.springframework.web.filter.OncePerRequestFilter.doFilter(OncePerRequestFilter.java:119)
	at org.apache.catalina.core.ApplicationFilterChain.internalDoFilter(ApplicationFilterChain.java:189)
	at org.apache.catalina.core.ApplicationFilterChain.doFilter(ApplicationFilterChain.java:162)
	at org.springframework.web.filter.FormContentFilter.doFilterInternal(FormContentFilter.java:93)
	at org.springframework.web.filter.OncePerRequestFilter.doFilter(OncePerRequestFilter.java:119)
	at org.apache.catalina.core.ApplicationFilterChain.internalDoFilter(ApplicationFilterChain.java:189)
	at org.apache.catalina.core.ApplicationFilterChain.doFilter(ApplicationFilterChain.java:162)
	at org.springframework.cloud.sleuth.instrument.web.servlet.TracingFilter.doFilter(TracingFilter.java:68)
	at org.springframework.cloud.sleuth.autoconfig.instrument.web.TraceWebServletConfiguration$LazyTracingFilter.doFilter(TraceWebServletConfiguration.java:129)
	at org.apache.catalina.core.ApplicationFilterChain.internalDoFilter(ApplicationFilterChain.java:189)
	at org.apache.catalina.core.ApplicationFilterChain.doFilter(ApplicationFilterChain.java:162)
	at org.springframework.web.filter.CharacterEncodingFilter.doFilterInternal(CharacterEncodingFilter.java:201)
	at org.springframework.web.filter.OncePerRequestFilter.doFilter(OncePerRequestFilter.java:119)
	at org.apache.catalina.core.ApplicationFilterChain.internalDoFilter(ApplicationFilterChain.java:189)
	at org.apache.catalina.core.ApplicationFilterChain.doFilter(ApplicationFilterChain.java:162)
	at org.apache.catalina.core.StandardWrapperValve.invoke(StandardWrapperValve.java:197)
	at org.apache.catalina.core.StandardContextValve.invoke(StandardContextValve.java:97)
	at org.apache.catalina.authenticator.AuthenticatorBase.invoke(AuthenticatorBase.java:540)
	at org.apache.catalina.core.StandardHostValve.invoke(StandardHostValve.java:135)
	at org.apache.catalina.valves.ErrorReportValve.invoke(ErrorReportValve.java:92)
	at org.apache.catalina.core.StandardEngineValve.invoke(StandardEngineValve.java:78)
	at org.springframework.cloud.sleuth.instrument.web.tomcat.TraceValve.invoke(TraceValve.java:74)
	at org.apache.catalina.connector.CoyoteAdapter.service(CoyoteAdapter.java:357)
	at org.apache.coyote.http11.Http11Processor.service(Http11Processor.java:382)
	at org.apache.coyote.AbstractProcessorLight.process(AbstractProcessorLight.java:65)
	at org.apache.coyote.AbstractProtocol$ConnectionHandler.process(AbstractProtocol.java:895)
	at org.apache.tomcat.util.net.NioEndpoint$SocketProcessor.doRun(NioEndpoint.java:1722)
	at org.apache.tomcat.util.net.SocketProcessorBase.run(SocketProcessorBase.java:49)
	at org.apache.tomcat.util.threads.ThreadPoolExecutor.runWorker(ThreadPoolExecutor.java:1191)
	at org.apache.tomcat.util.threads.ThreadPoolExecutor$Worker.run(ThreadPoolExecutor.java:659)
	at org.apache.tomcat.util.threads.TaskThread$WrappingRunnable.run(TaskThread.java:61)
	at java.base/java.lang.Thread.run(Thread.java:829)
05-09-2023 20:09:43.577 [HikariPool-1 housekeeper] [springAppName_IS_UNDEFINED, ] WARN  com.zaxxer.hikari.pool.HikariPool.run - HikariPool-1 - Thread starvation or clock leap detected (housekeeper delta=48m55s10ms).
05-09-2023 21:15:24.050 [HikariPool-1 housekeeper] [springAppName_IS_UNDEFINED, ] WARN  com.zaxxer.hikari.pool.HikariPool.run - HikariPool-1 - Thread starvation or clock leap detected (housekeeper delta=1h5m40s474ms).
05-09-2023 22:02:00.060 [HikariPool-1 housekeeper] [springAppName_IS_UNDEFINED, ] WARN  com.zaxxer.hikari.pool.HikariPool.run - HikariPool-1 - Thread starvation or clock leap detected (housekeeper delta=46m36s9ms).
05-09-2023 23:10:16.154 [HikariPool-1 housekeeper] [springAppName_IS_UNDEFINED, ] WARN  com.zaxxer.hikari.pool.HikariPool.run - HikariPool-1 - Thread starvation or clock leap detected (housekeeper delta=1h8m16s95ms).
